DEBUG     Checking PHPLS_ALLOW_XDEBUG
DEBUG     The xdebug extension is not loaded

[Info  - 19:09:52] 4989 files total
[Info  - 19:09:52] Indexing project for definitions and static references
Parsing file:///var/www/my_project_name/vendor/autoload.php
Parsing file:///var/www/my_project_name/vendor/composer/autoload_classmap.php
Parsing file:///var/www/my_project_name/vendor/composer/autoload_namespaces.php
Parsing file:///var/www/my_project_name/vendor/composer/autoload_real.php
Parsing file:///var/www/my_project_name/vendor/composer/autoload_psr4.php
Parsing file:///var/www/my_project_name/vendor/composer/autoload_static.php
Parsing file:///var/www/my_project_name/vendor/composer/ClassLoader.php
Parsing file:///var/www/my_project_name/vendor/composer/autoload_files.php
Parsing file:///var/www/my_project_name/var/cache/dev/srcApp_KernelDevDebugContainer.php
Parsing file:///var/www/my_project_name/var/cache/dev/translations/catalogue.et.4MjbMOU.php
Parsing file:///var/www/my_project_name/var/cache/dev/translations/catalogue.az.4MjbMOU.php
Parsing file:///var/www/my_project_name/var/cache/dev/translations/catalogue.tl.lgsO0l%2B.php
Parsing file:///var/www/my_project_name/var/cache/dev/translations/catalogue.sv.lgsO0l%2B.php
Parsing file:///var/www/my_project_name/var/cache/dev/translations/catalogue.af.lgsO0l%2B.php
Parsing file:///var/www/my_project_name/var/cache/dev/translations/catalogue.vi.4MjbMOU.php
Parsing file:///var/www/my_project_name/var/cache/dev/translations/catalogue.fa.4MjbMOU.php
Parsing file:///var/www/my_project_name/var/cache/dev/translations/catalogue.ro.lgsO0l%2B.php
Parsing file:///var/www/my_project_name/var/cache/dev/translations/catalogue.pt.lgsO0l%2B.php
Parsing file:///var/www/my_project_name/var/cache/dev/translations/catalogue.th.4MjbMOU.php
Parsing file:///var/www/my_project_name/var/cache/dev/translations/catalogue.zh_TW.lgsO0l%2B.php
Parsing file:///var/www/my_project_name/var/cache/dev/translations/catalogue.ar.lgsO0l%2B.php
Parsing file:///var/www/my_project_name/var/cache/dev/translations/catalogue.mn.lgsO0l%2B.php
Parsing file:///var/www/my_project_name/var/cache/dev/translations/catalogue.hr.lgsO0l%2B.php
Parsing file:///var/www/my_project_name/var/cache/dev/translations/catalogue.fi.lgsO0l%2B.php
Parsing file:///var/www/my_project_name/var/cache/dev/translations/catalogue.be.lgsO0l%2B.php
Parsing file:///var/www/my_project_name/var/cache/dev/translations/catalogue.ja.4MjbMOU.php
Parsing file:///var/www/my_project_name/var/cache/dev/translations/catalogue.eu.lgsO0l%2B.php
Parsing file:///var/www/my_project_name/var/cache/dev/translations/catalogue.en.lgsO0l%2B.php
Parsing file:///var/www/my_project_name/var/cache/dev/translations/catalogue.ca.lgsO0l%2B.php
Parsing file:///var/www/my_project_name/var/cache/dev/translations/catalogue.da.lgsO0l%2B.php
Parsing file:///var/www/my_project_name/var/cache/dev/translations/catalogue.az.lgsO0l%2B.php
Parsing file:///var/www/my_project_name/var/cache/dev/translations/catalogue.ru.4MjbMOU.php
Parsing file:///var/www/my_project_name/var/cache/dev/translations/catalogue.th.lgsO0l%2B.php
Parsing file:///var/www/my_project_name/var/cache/dev/translations/catalogue.en.4MjbMOU.php
Parsing file:///var/www/my_project_name/var/cache/dev/translations/catalogue.cy.4MjbMOU.php
Parsing file:///var/www/my_project_name/var/cache/dev/translations/catalogue.he.4MjbMOU.php
Parsing file:///var/www/my_project_name/var/cache/dev/translations/catalogue.nl.lgsO0l%2B.php
Parsing file:///var/www/my_project_name/var/cache/dev/translations/catalogue.sl.4MjbMOU.php
Parsing file:///var/www/my_project_name/var/cache/dev/translations/catalogue.nn.4MjbMOU.php
Parsing file:///var/www/my_project_name/var/cache/dev/translations/catalogue.es.4MjbMOU.php
Parsing file:///var/www/my_project_name/var/cache/dev/translations/catalogue.sr_Cyrl.lgsO0l%2B.php
Parsing file:///var/www/my_project_name/var/cache/dev/translations/catalogue.no.lgsO0l%2B.php
Parsing file:///var/www/my_project_name/var/cache/dev/translations/catalogue.hr.4MjbMOU.php
Parsing file:///var/www/my_project_name/var/cache/dev/translations/catalogue.cs.lgsO0l%2B.php
Parsing file:///var/www/my_project_name/var/cache/dev/translations/catalogue.nb.lgsO0l%2B.php
Parsing file:///var/www/my_project_name/var/cache/dev/translations/catalogue.pt_BR.4MjbMOU.php
Parsing file:///var/www/my_project_name/var/cache/dev/translations/catalogue.sk.4MjbMOU.php
Parsing file:///var/www/my_project_name/var/cache/dev/translations/catalogue.fi.4MjbMOU.php
Parsing file:///var/www/my_project_name/var/cache/dev/translations/catalogue.lv.lgsO0l%2B.php
Parsing file:///var/www/my_project_name/var/cache/dev/translations/catalogue.pt_PT.lgsO0l%2B.php
Parsing file:///var/www/my_project_name/var/cache/dev/translations/catalogue.ja.lgsO0l%2B.php
Parsing file:///var/www/my_project_name/var/cache/dev/translations/catalogue.sk.lgsO0l%2B.php
Parsing file:///var/www/my_project_name/var/cache/dev/translations/catalogue.hy.4MjbMOU.php
Parsing file:///var/www/my_project_name/var/cache/dev/translations/catalogue.nl.4MjbMOU.php
Parsing file:///var/www/my_project_name/var/cache/dev/translations/catalogue.ar.4MjbMOU.php
Parsing file:///var/www/my_project_name/var/cache/dev/translations/catalogue.hu.lgsO0l%2B.php
Parsing file:///var/www/my_project_name/var/cache/dev/translations/catalogue.bg.lgsO0l%2B.php
Parsing file:///var/www/my_project_name/var/cache/dev/translations/catalogue.id.lgsO0l%2B.php
Parsing file:///var/www/my_project_name/var/cache/dev/translations/catalogue.fr.4MjbMOU.php
Parsing file:///var/www/my_project_name/var/cache/dev/translations/catalogue.lt.lgsO0l%2B.php
Parsing file:///var/www/my_project_name/var/cache/dev/translations/catalogue.zh_CN.4MjbMOU.php
Parsing file:///var/www/my_project_name/var/cache/dev/translations/catalogue.da.4MjbMOU.php
Parsing file:///var/www/my_project_name/var/cache/dev/translations/catalogue.zh_CN.lgsO0l%2B.php
Parsing file:///var/www/my_project_name/var/cache/dev/translations/catalogue.nn.lgsO0l%2B.php
Parsing file:///var/www/my_project_name/var/cache/dev/translations/catalogue.be.4MjbMOU.php
Parsing file:///var/www/my_project_name/var/cache/dev/translations/catalogue.tl.4MjbMOU.php
Parsing file:///var/www/my_project_name/var/cache/dev/translations/catalogue.tr.lgsO0l%2B.php
Parsing file:///var/www/my_project_name/var/cache/dev/translations/catalogue.ru.lgsO0l%2B.php
Parsing file:///var/www/my_project_name/var/cache/dev/translations/catalogue.fa.lgsO0l%2B.php
Parsing file:///var/www/my_project_name/var/cache/dev/translations/catalogue.pl.lgsO0l%2B.php
Parsing file:///var/www/my_project_name/var/cache/dev/translations/catalogue.gl.lgsO0l%2B.php
Parsing file:///var/www/my_project_name/var/cache/dev/translations/catalogue.uk.lgsO0l%2B.php
Parsing file:///var/www/my_project_name/var/cache/dev/translations/catalogue.de.lgsO0l%2B.php
Parsing file:///var/www/my_project_name/var/cache/dev/translations/catalogue.sq.4MjbMOU.php
Parsing file:///var/www/my_project_name/var/cache/dev/translations/catalogue.pt_PT.4MjbMOU.php
Parsing file:///var/www/my_project_name/var/cache/dev/translations/catalogue.gl.4MjbMOU.php
Parsing file:///var/www/my_project_name/var/cache/dev/translations/catalogue.id.4MjbMOU.php
Parsing file:///var/www/my_project_name/var/cache/dev/translations/catalogue.pt.4MjbMOU.php
Parsing file:///var/www/my_project_name/var/cache/dev/translations/catalogue.fr.lgsO0l%2B.php
Parsing file:///var/www/my_project_name/var/cache/dev/translations/catalogue.zh_TW.4MjbMOU.php
Parsing file:///var/www/my_project_name/var/cache/dev/translations/catalogue.sq.lgsO0l%2B.php
Parsing file:///var/www/my_project_name/var/cache/dev/translations/catalogue.pt_BR.lgsO0l%2B.php
Parsing file:///var/www/my_project_name/var/cache/dev/translations/catalogue.cy.lgsO0l%2B.php
Parsing file:///var/www/my_project_name/var/cache/dev/translations/catalogue.lv.4MjbMOU.php
Parsing file:///var/www/my_project_name/var/cache/dev/translations/catalogue.it.lgsO0l%2B.php
Parsing file:///var/www/my_project_name/var/cache/dev/translations/catalogue.hy.lgsO0l%2B.php
Parsing file:///var/www/my_project_name/var/cache/dev/translations/catalogue.et.lgsO0l%2B.php
Parsing file:///var/www/my_project_name/var/cache/dev/translations/catalogue.ca.4MjbMOU.php
Parsing file:///var/www/my_project_name/var/cache/dev/translations/catalogue.ro.4MjbMOU.php
Parsing file:///var/www/my_project_name/var/cache/dev/translations/catalogue.af.4MjbMOU.php
Parsing file:///var/www/my_project_name/var/cache/dev/translations/catalogue.pl.4MjbMOU.php
Parsing file:///var/www/my_project_name/var/cache/dev/translations/catalogue.eu.4MjbMOU.php
Parsing file:///var/www/my_project_name/var/cache/dev/translations/catalogue.sr_Cyrl.4MjbMOU.php
Parsing file:///var/www/my_project_name/var/cache/dev/translations/catalogue.bg.4MjbMOU.php
Parsing file:///var/www/my_project_name/var/cache/dev/translations/catalogue.sr_Latn.lgsO0l%2B.php
Parsing file:///var/www/my_project_name/var/cache/dev/translations/catalogue.vi.lgsO0l%2B.php
Parsing file:///var/www/my_project_name/var/cache/dev/translations/catalogue.lb.lgsO0l%2B.php
Parsing file:///var/www/my_project_name/var/cache/dev/translations/catalogue.sv.4MjbMOU.php
Parsing file:///var/www/my_project_name/var/cache/dev/translations/catalogue.uk.4MjbMOU.php
Parsing file:///var/www/my_project_name/var/cache/dev/translations/catalogue.lb.4MjbMOU.php
Parsing file:///var/www/my_project_name/var/cache/dev/translations/catalogue.de.4MjbMOU.php
Parsing file:///var/www/my_project_name/var/cache/dev/translations/catalogue.it.4MjbMOU.php
Parsing file:///var/www/my_project_name/var/cache/dev/translations/catalogue.sr_Latn.4MjbMOU.php
Parsing file:///var/www/my_project_name/var/cache/dev/translations/catalogue.nb.4MjbMOU.php
Parsing file:///var/www/my_project_name/var/cache/dev/translations/catalogue.no.4MjbMOU.php
Parsing file:///var/www/my_project_name/var/cache/dev/translations/catalogue.sl.lgsO0l%2B.php
Parsing file:///var/www/my_project_name/var/cache/dev/translations/catalogue.tr.4MjbMOU.php
Parsing file:///var/www/my_project_name/var/cache/dev/translations/catalogue.mn.4MjbMOU.php
Parsing file:///var/www/my_project_name/var/cache/dev/translations/catalogue.lt.4MjbMOU.php
Parsing file:///var/www/my_project_name/var/cache/dev/translations/catalogue.es.lgsO0l%2B.php
Parsing file:///var/www/my_project_name/var/cache/dev/translations/catalogue.he.lgsO0l%2B.php
Parsing file:///var/www/my_project_name/var/cache/dev/translations/catalogue.cs.4MjbMOU.php
Parsing file:///var/www/my_project_name/var/cache/dev/translations/catalogue.hu.4MjbMOU.php
Parsing file:///var/www/my_project_name/var/cache/dev/translations/catalogue.el.4MjbMOU.php
Parsing file:///var/www/my_project_name/var/cache/dev/translations/catalogue.el.lgsO0l%2B.php
Parsing file:///var/www/my_project_name/var/cache/dev/annotations.php
Parsing file:///var/www/my_project_name/var/cache/dev/UrlGenerator.php
Parsing file:///var/www/my_project_name/var/cache/dev/twig/f7/f741aa77ace36a66118436bc48a5f46e61c65d257d141874a6c0666807a4d496.php
Parsing file:///var/www/my_project_name/var/cache/dev/twig/95/95c116380f75d613f2e472d6f42fdef8f0998610a364b1db39248a03f37ae685.php
Parsing file:///var/www/my_project_name/var/cache/dev/twig/8a/8aa374876dd70d3ff228bf3dace66b1e0c64aa9687d001b1dcc634abb9f2b95a.php
Parsing file:///var/www/my_project_name/var/cache/dev/twig/8a/8a6136f226cedb9e5fda26fbc2dac7a7e0d33ca0eef185bff4ad161c17e264d0.php
Parsing file:///var/www/my_project_name/var/cache/dev/twig/00/005a7c9b11c6fb79f61603979b460f0bcd42b50bebe618687756d09d6d5e6e47.php
Parsing file:///var/www/my_project_name/var/cache/dev/twig/db/dbfa39c0845d161cd632741a1dfe8ba8f666756cdf9f66e61e5981dccaca0954.php
Parsing file:///var/www/my_project_name/var/cache/dev/twig/12/12edafd7127bc6c1b4323335b818c526344e71626252248b002d069786ebc19a.php
Parsing file:///var/www/my_project_name/var/cache/dev/twig/6a/6aca1c523cfa05afd937c3821d24870db58d5df57c26811a3bfb1bc0d40cc54c.php
Parsing file:///var/www/my_project_name/var/cache/dev/twig/7b/7b16b43872fbe150e09dd3d1e186680f6916fea54eebff8571449974d298eb93.php
Parsing file:///var/www/my_project_name/var/cache/dev/twig/7b/7bef048449a20170dde237f33864534111cc6b58dfcd8ff2988edbece2dc1576.php
Parsing file:///var/www/my_project_name/var/cache/dev/twig/b6/b6d69e1a043b1386dc9a1e0b21529c3d9058d0614859064f75ad9568830f3da5.php
Parsing file:///var/www/my_project_name/var/cache/dev/twig/b6/b65052a668ba45d20d3f121e75bd8c9b342dbbea4ee6854a75a19f1c35da96bd.php
Parsing file:///var/www/my_project_name/var/cache/dev/twig/fe/fe8ed3e4436f1ee84c9554d0d125fa12c91fa193d5525cdf16669973b98f4e8f.php
Parsing file:///var/www/my_project_name/var/cache/dev/twig/fe/fe1263294fd4d6e8407cc5e2ae82a15f92c746b38c2ac39898c75904a0a7e3b2.php
Parsing file:///var/www/my_project_name/var/cache/dev/twig/cc/ccf53060e1adc4cd3b58fa3154bedce4fa25cbcea4572245f48f9a29006c3afc.php
Parsing file:///var/www/my_project_name/var/cache/dev/twig/3d/3d5ef00b43793735c5fb1daddf5430bb16157960c5fcee721fb74f77120cbaab.php
Parsing file:///var/www/my_project_name/var/cache/dev/twig/3d/3dd7c4ed9dcdbb827bb17a2dafac8514651d748db871f4cc849506175f17d15a.php
Parsing file:///var/www/my_project_name/var/cache/dev/twig/38/3813ef65d3248b58e9a20f9f5db9da184dbff623d7eb331045740f69b0d0b1e5.php
Parsing file:///var/www/my_project_name/var/cache/dev/twig/56/56a330aab83b7bf99eb3d0e859f3a79557e7e3d81c8d0a4d5d28dd9397f1856d.php
Parsing file:///var/www/my_project_name/var/cache/dev/twig/54/543127c5bf789ab65710cc094f125457da11cbf2399fa62c07cc81646849b5a1.php
Parsing file:///var/www/my_project_name/var/cache/dev/twig/54/54268c4a7bbbbcf8352a6cf446f1e69c40c611c7e875da613bdc602270440cca.php
Parsing file:///var/www/my_project_name/var/cache/dev/twig/47/47a0fbf93ad564c01c92683e3076347e41a0771af0ce5daa175ec7ffb3ce19ae.php
Parsing file:///var/www/my_project_name/var/cache/dev/twig/a0/a01b8bae40fa7183e356dbb69313a4de13727f216a1acb39611c4efd82d6d314.php
Parsing file:///var/www/my_project_name/var/cache/dev/twig/0b/0bbb72358eeeaa808e94e777a5836b66cf8de6064e558595ca974dcbe5d83b88.php
Parsing file:///var/www/my_project_name/var/cache/dev/twig/0b/0b74cb4217afa4372bcc1ea08a6ffa89c4fffac54fe202a55e04a4a681f58139.php
Parsing file:///var/www/my_project_name/var/cache/dev/twig/9f/9f21c922459247a567464b4d29750643ccddec58185a477886ecc6ac1dbb0177.php
Parsing file:///var/www/my_project_name/var/cache/dev/twig/19/194a9635ff971f00e740ea36eecd8e47a98df70c9ad07e37aeb9174c9124ffef.php
Parsing file:///var/www/my_project_name/var/cache/dev/twig/ca/ca4e65921812eba78ed02c5d5ff94e2bba33ffd656d26ec338ea13d5b98e9562.php
Parsing file:///var/www/my_project_name/var/cache/dev/twig/cf/cf5594a43b5b8f5f7737f745cf83472e2fe171f66af2ba54ed0bd5b976d3a595.php
Parsing file:///var/www/my_project_name/var/cache/dev/twig/cf/cfffd381f638e223e15f0fda83f969e34472798158fa6b521f9c0a025203697c.php
[Info  - 19:09:53] Ignoring file file:///var/www/my_project_name/var/cache/dev/twig/cf/cfffd381f638e223e15f0fda83f969e34472798158fa6b521f9c0a025203697c.php because it exceeds size limit of 150000 bytes (184543)
Parsing file:///var/www/my_project_name/var/cache/dev/twig/cf/cfd04de2bfa3a59d641bbbcdb2d60cf02eeb43c919262287e4cf234e9486232b.php
Parsing file:///var/www/my_project_name/var/cache/dev/twig/ff/ffc7f76454f20a668fba01dd41b40dd3f7632424c02e20b5abe0b9e0f80d1ab9.php
Parsing file:///var/www/my_project_name/var/cache/dev/twig/5b/5b48252072764945bd9ba3aaac51d21743b477d78c4cc2fab8e3e0712a06adcd.php
Parsing file:///var/www/my_project_name/var/cache/dev/twig/08/08bcc8dd572844207f3a8ade9b2ee165080abe320e4f08edfedc80236e920f57.php
Parsing file:///var/www/my_project_name/var/cache/dev/twig/dd/dd3b42c0f4f7a893844fff7c2e5dbb8df6b9142229c778ff1b2373daaef686aa.php
Parsing file:///var/www/my_project_name/var/cache/dev/twig/40/400a1f34c4cfe29b75b0f9b05bf31c57865986904fc68c17f65620704aa7e41f.php
Parsing file:///var/www/my_project_name/var/cache/dev/twig/40/40ca554a65a3fa0964d9c9936cea1861b7d6eae3390849aef9a2dbdc8b83deae.php
Parsing file:///var/www/my_project_name/var/cache/dev/twig/81/81b8e57783d6a7a5e2979e1139f6c339580bac00428114ae55f80d3d7890f78f.php
Parsing file:///var/www/my_project_name/var/cache/dev/twig/64/64d772835871e1d71425acf3f1cf16ff31e50fc9b5c23b02af37ca4bf636ff8d.php
Parsing file:///var/www/my_project_name/var/cache/dev/twig/2c/2c9f2fe7bcac39806a2757c00ced451c36ad2415397be23be4e4df6d6681e19f.php
Parsing file:///var/www/my_project_name/var/cache/dev/twig/2c/2c128ba59adae5cfa7517055cc6e24f07f73abf1cba8fa6dbbe2b87af8e52a5e.php
Parsing file:///var/www/my_project_name/var/cache/dev/twig/2c/2c1d9e2d1e81fd66725f5bc91dece670125ebb88a683d24953a97ab1c2644101.php
Parsing file:///var/www/my_project_name/var/cache/dev/twig/1b/1b88852d04f76cefb9020fd43639b29e0cbcd34597c60ec1cb4797d471ef996d.php
Parsing file:///var/www/my_project_name/var/cache/dev/twig/1b/1b86890440e2f5f7d598dd1e0f08efbfc624876604e99c2eb3d4ac959724d8dd.php
Parsing file:///var/www/my_project_name/var/cache/dev/twig/57/57671d67dc787791d61df2a246256b87d3999de4ee2c132ce6be641823032529.php
Parsing file:///var/www/my_project_name/var/cache/dev/twig/75/7519662a9533b33fabb7596357d826014f73c4bbff4360312f51c63a640b6239.php
Parsing file:///var/www/my_project_name/var/cache/dev/twig/26/26ec8c8fca376ac52cdf9ec9e5f347773c842993d82cb159ff2e26834dfccd7a.php
Parsing file:///var/www/my_project_name/var/cache/dev/twig/26/26320022ed1eefadeb11e322277652ce979b6f96e79d18f44cc39706fc30ae39.php
Parsing file:///var/www/my_project_name/var/cache/dev/twig/5a/5a58d54d7c55149f0a739efdc86063d6777dd2e58e66aceef595b0cbf19acf0c.php
Parsing file:///var/www/my_project_name/var/cache/dev/twig/5a/5a1ca9621b5a023d43e4a2d342d799ab62a9ab7c5c0f674bee53d2b0f0a223c4.php
Parsing file:///var/www/my_project_name/var/cache/dev/twig/1f/1f38a4264b01205a6aa56f482a2ae7a5f057c004ab9d0b8c941d6c630b970d0d.php
Parsing file:///var/www/my_project_name/var/cache/dev/twig/e7/e7c659ea09ee4293fbce744f68a0ad8bbe39aac4c67b860f16a6a010d080bf3c.php
Parsing file:///var/www/my_project_name/var/cache/dev/twig/d8/d84499ad91a66c045516b6068ebfc4eb32e6fd2713059656a39b3bfa6d54e2b9.php
Parsing file:///var/www/my_project_name/var/cache/dev/twig/d8/d8129673a76be34146ac84e31c9cbf680984b2bcd4be21be8253dbb2f68f6843.php
Parsing file:///var/www/my_project_name/var/cache/dev/twig/16/167041088eb78f9ecad668a908d156a9b20a7069d410da981e9cc1ae4a1a55a1.php
Parsing file:///var/www/my_project_name/var/cache/dev/twig/6f/6f95b70fac794dc534e2fd0ee1d654ba68a83a016ca4e5710c72114ae0a92dbd.php
Parsing file:///var/www/my_project_name/var/cache/dev/twig/4c/4ca8a3b8ad560069bd1cdc781ca7dbb377026f1f8c08858739c1692767a14488.php
Parsing file:///var/www/my_project_name/var/cache/dev/twig/4b/4be217f9fe0b792a93236863cd571d79bbb5c5ecf92a2b4270d8146ff554636a.php
Parsing file:///var/www/my_project_name/var/cache/dev/twig/cd/cdbff8924f3c3f2224d44e2fa51b3e8aa13478fdcaec9d4822e67f7d7eeb856c.php
Parsing file:///var/www/my_project_name/var/cache/dev/twig/58/58d9628b3d264ac3d9da83ec515b0b09561527aa3cf891ebd8c3342f511419c3.php
Parsing file:///var/www/my_project_name/var/cache/dev/twig/7f/7fa85f45911244d5cf02c28be72d934ef60575f406016a72d8dc6d80be234eee.php
Parsing file:///var/www/my_project_name/var/cache/dev/twig/6b/6b08fc96146b7208539099da48dcfb3095694fc12168e64f31b9f38237aa4c4d.php
Parsing file:///var/www/my_project_name/var/cache/dev/twig/3f/3fb6d469e7bc38adfd3eb9cf38b73b983e8ed049c220cf7faef17586c769a994.php
Parsing file:///var/www/my_project_name/var/cache/dev/twig/3f/3f9be747ce463af19c27a961c1ffa209fa7df026bc3624d163a93517ef8eda26.php
Parsing file:///var/www/my_project_name/var/cache/dev/twig/09/0967945a493844b4a447f93fcfcdc2ac1225a4a5265ccd574d4466e08b20100f.php
Parsing file:///var/www/my_project_name/var/cache/dev/twig/07/07a3b787698faa44cf0f65a919cb50b7eb988d3330c4673efb5a30bd948d3af3.php
Parsing file:///var/www/my_project_name/var/cache/dev/twig/91/91f31304d8e5ca96865e5b00d80f44d774e9a0093dd684bb271f4bc2114a894c.php
Parsing file:///var/www/my_project_name/var/cache/dev/twig/91/91f3c28dd925372367251d506cf1eedbd4810cc77e27ad5790072e0a52aaf99b.php
Parsing file:///var/www/my_project_name/var/cache/dev/twig/89/897a66cb1e5a83f2ee2393b6dd44af4f312bb3fa6a9ced2633732f90ae901fb8.php
Parsing file:///var/www/my_project_name/var/cache/dev/twig/92/92ba78c66a3edef90aac071b316ca659f043a6afd7efeb44ea808dc7ebab8276.php
Parsing file:///var/www/my_project_name/var/cache/dev/twig/ef/efa1428839318f39b957eba35c5f2660051e08e61260128c7857a2aad9c80b3f.php
Parsing file:///var/www/my_project_name/var/cache/dev/twig/be/bef60e3e343daf2170f5e86a231b67f8060c34eb896f70cfcc7f730c71f5904c.php
Parsing file:///var/www/my_project_name/var/cache/dev/twig/be/bea53b2825de1847ad217e4b4f8d4efc39972903389b75483841764f5fc2c73c.php
Parsing file:///var/www/my_project_name/var/cache/dev/twig/98/9874f6223f420e6070349853da9c343cbe01a7a1e45dd14866302d77b456d0b7.php
Parsing file:///var/www/my_project_name/var/cache/dev/twig/98/98f937e969e0326e730edcee020dcbd63e48eaa97a8aadfd044129b461f3aad1.php
Parsing file:///var/www/my_project_name/var/cache/dev/twig/96/9656ec68ae01074a13721015fcbb328f36a8e295f06dbcb6beb31823b5e9281c.php
Parsing file:///var/www/my_project_name/var/cache/dev/twig/63/6334276ef47916a8276bb8cbef714ee63b604702b468ecebb62eb49c12aebfb8.php
Parsing file:///var/www/my_project_name/var/cache/dev/twig/86/862559f6a920c07089c177753d76582bd4c020c56018a734f7a85688a7007253.php
Parsing file:///var/www/my_project_name/var/cache/dev/twig/c5/c51d78fb31d27dae55602452848b15bd31cdc1189fda102bc44d6b26dcac9d56.php
Parsing file:///var/www/my_project_name/var/cache/dev/twig/c5/c5bda412aecbb5d7915ad450aaa05bd078dbe9469adebb489ee5636601fd1872.php
Parsing file:///var/www/my_project_name/var/cache/dev/twig/ba/ba180c4c774dfea6eba2e585c44055a1586edd11ae64018a0dc1e5da98e42772.php
Parsing file:///var/www/my_project_name/var/cache/dev/twig/42/42ccdc04e30ceaf5fd513f2f9ecebc57fce130f04308a6c8fd7507ab89f5a14a.php
Parsing file:///var/www/my_project_name/var/cache/dev/twig/42/42dd29147763d4228c67e0f9e8e17466d14799de0be1e7b0f8082a2834dd04f5.php
Parsing file:///var/www/my_project_name/var/cache/dev/twig/f4/f452d62fb8eab9ce70b7d352f9cc7e760d05f0b0ff27b155a2de5dccfceb992c.php
Parsing file:///var/www/my_project_name/var/cache/dev/twig/f4/f4ac9bfb0c7ca914fb38d2bbb57f7edcf3e99472aa8c1dcd6e60ce9e9cd171a1.php
Parsing file:///var/www/my_project_name/var/cache/dev/twig/88/886c4c186560c74911ccf9c259edb6c2a2e38b1d64f0c3bd15d196eb361bd870.php
Parsing file:///var/www/my_project_name/var/cache/dev/twig/c1/c199ba5f7ceb9817dcff8fb4d044997443b10a161a2f5796acadd5f7eea8ab70.php
Parsing file:///var/www/my_project_name/var/cache/dev/twig/03/03c9ed3d4167714aa47f4114d99cecd2c3aa073a1c8e9bfcd7690d3a136a2c95.php
Parsing file:///var/www/my_project_name/var/cache/dev/twig/e6/e6bbd8285c27ead0630b43ebc24af0c03ff8ce3fe9172d8c9e38c60573a3c1d7.php
Parsing file:///var/www/my_project_name/var/cache/dev/twig/84/84ac49cab5ff5d94acc5b7ef8a2813dcdd7662795ec372e566dcd5bf66b7307b.php
Parsing file:///var/www/my_project_name/var/cache/dev/twig/25/25968fba9494077b6bd2c6947f456547d8a9f438f5a80d42c4faa2ecdaec0aeb.php
Parsing file:///var/www/my_project_name/var/cache/dev/twig/8b/8b54bd0f1a11e2faea7143e071756292285215702c735372a776bdf3c1c5c281.php
Parsing file:///var/www/my_project_name/var/cache/dev/twig/c8/c886f8603ff60a3b6926a7374abf3c1c7a2f9fa4e38683e5e685459adf84f76e.php
Parsing file:///var/www/my_project_name/var/cache/dev/twig/9d/9d6e3235bc7f0289809ffc25fc7642b726b406a908c690ee217ac8c242569735.php
Parsing file:///var/www/my_project_name/var/cache/dev/twig/4a/4a1b56c1b07af4a4ae72ec001338b4a9ee96b08584af28e3c9c26feddaeac1ec.php
Parsing file:///var/www/my_project_name/var/cache/dev/twig/bc/bc1dc1cb875b84a5522193053875c397f48b87cf423e26c58578947307a1da4d.php
Parsing file:///var/www/my_project_name/var/cache/dev/twig/b8/b8636b611eb7230ee93bd55be034503c48d3d1846a648d5822c6756e448cc182.php
Parsing file:///var/www/my_project_name/var/cache/dev/twig/ea/ea7419fbad62f73ce770ad333a8b2d516619f9b7d81c7b82a78698b4ce9036f9.php
Parsing file:///var/www/my_project_name/var/cache/dev/twig/65/6582cd3f86925d10a2823c0c70250465f2ba078d5167a912a5727a796e9f3cf7.php
Parsing file:///var/www/my_project_name/var/cache/dev/twig/f6/f6506e8d838a74421c1b29e6f1fa68eda47fee1ad06037ba3defb1082fca06f3.php
Parsing file:///var/www/my_project_name/var/cache/dev/twig/27/27ae5447934d6d7198eaab5b670ad733c09ecd324883387fa20fadc18bdaba0f.php
Parsing file:///var/www/my_project_name/var/cache/dev/twig/27/276fd7117926a2889e433abc91f3ffefdfd2d567431d2756bafba946ab8f06b7.php
Parsing file:///var/www/my_project_name/var/cache/dev/twig/27/27a74902095d42f99774ee920ba12207d18e20f080895fbbf9a8f48654dab9d6.php
Parsing file:///var/www/my_project_name/var/cache/dev/twig/35/356d6473b9dead7917e9ec546a7e82d4a203104dbf37f9ec13bb70d59a1ff365.php
Parsing file:///var/www/my_project_name/var/cache/dev/twig/2b/2ba4ccae3f410f7b4fe7ea641289912b6ae287b810bbe3642e0a5a881f5f48be.php
Parsing file:///var/www/my_project_name/var/cache/dev/twig/39/397c257a9acc0f28a64a258529f286a5e02dce58752277a068a163cb3bd465cd.php
Parsing file:///var/www/my_project_name/var/cache/dev/twig/39/392587e9fdbe3b4f26265de16901468fea890866392bb9d875ff3b15d4ee6c36.php
Parsing file:///var/www/my_project_name/var/cache/dev/twig/79/79a6299aa51e7405f398032fdbaec15334a3420297844b5fb672d3dfeb9390b9.php
Parsing file:///var/www/my_project_name/var/cache/dev/twig/6e/6ef22b89fb4a0f82269d132320ab90ca8c1966c0c6f0483bad15ebf06b390441.php
Parsing file:///var/www/my_project_name/var/cache/dev/twig/0f/0f246f4482382b23dc7efc4baa5e724f8b91f961761ae67a36ea374d6b6df901.php
Parsing file:///var/www/my_project_name/var/cache/dev/twig/7d/7de42a9b7c97f01b614dfd17f921a1457e9ab2873564abeed7a3091d453513fa.php
Parsing file:///var/www/my_project_name/var/cache/dev/twig/bf/bfb60971cb399687fb5a85aad2ae5b96a44527c52ff1c50c3a7cc3532d8da0a2.php
Parsing file:///var/www/my_project_name/var/cache/dev/twig/bf/bf78a3bce181ee626939dc8a9ce6ccde4014f0325753e0bd53f9b3c236a72a8a.php
Parsing file:///var/www/my_project_name/var/cache/dev/twig/52/521db6c715c57661723f83278c601935a48c085dbb70f34e9e240678d7047b48.php
Parsing file:///var/www/my_project_name/var/cache/dev/twig/7e/7e8f2860db1f39b856a13bca2e84133efb149a36e94fe8a65d1e623f69b5b3ba.php
Parsing file:///var/www/my_project_name/var/cache/dev/twig/41/41512662ce2467d3b5316b7fadd35caab42ad32d4b8d25b31dd599e3e5c06e61.php
Parsing file:///var/www/my_project_name/var/cache/dev/twig/41/41bd78ed18a80c68cb6c56eb13c0f9f8010dcd8d9a25aa9c0a2691970a80f47c.php
Parsing file:///var/www/my_project_name/var/cache/dev/twig/a2/a24581bb7f6e2def5a5f516d267df93e3ac74a134dbe7fdd0b8c7b51fdadff34.php
Parsing file:///var/www/my_project_name/var/cache/dev/twig/da/daddab309036301b9c1e814feb87d0ea498988b88a5cbdc5eb994e02af7c69ec.php
Parsing file:///var/www/my_project_name/var/cache/dev/twig/3b/3b67f3c88411501ebe6de338e6e9c7bee0dc4c023cf694684badff04463a393b.php
Parsing file:///var/www/my_project_name/var/cache/dev/twig/3b/3b9b9afc08c735f9f4a823ca8cc72fc2aefcf5bb307ee24735c76f01d5fc34ac.php
Parsing file:///var/www/my_project_name/var/cache/dev/twig/f2/f209c16d248e9b008206ba8fa351b2e0510d55ba57a8d1037aac88eeaca68948.php
Parsing file:///var/www/my_project_name/var/cache/dev/twig/62/62175a425bd1fda13160407af50bdcf4a5a5d9eabb689c59a67c101ff7d54839.php
Parsing file:///var/www/my_project_name/var/cache/dev/twig/6d/6d4ff1bc1598b108c43394862c91bbdc116e5d1d9d5185e7c964f5aa52fc3c73.php
Parsing file:///var/www/my_project_name/var/cache/dev/twig/6d/6d5c8790749291ae6a700edb82deca0bf2c7e93032f79fe517c15fa2d9454cf6.php
Parsing file:///var/www/my_project_name/var/cache/dev/twig/50/503c3d3df298b31e757fc074ad03abc65bf3013a99456fe83699548e031fa92b.php
Parsing file:///var/www/my_project_name/var/cache/dev/twig/22/2282f621987356282e34b336cca948810938bce2b1da1cef75ef27fa7a964d81.php
Parsing file:///var/www/my_project_name/var/cache/dev/twig/22/22c240abb8f4a2b3cb96ebe5d163fb78f0115b332ea08e16abf74361450a21c2.php
Parsing file:///var/www/my_project_name/var/cache/dev/twig/d3/d3dc40e48168e3e4f668b3c981b95503b8b8af696ed30cd75217819027098ac5.php
Parsing file:///var/www/my_project_name/var/cache/dev/twig/d3/d358b9c145da2aff5fdbaf60a7aadea14d3ef54301daf6fc401d931ae5065d0e.php
Parsing file:///var/www/my_project_name/var/cache/dev/twig/d2/d2ff91aa1daa568d429651924adf23e710a8845371370c645adcc2a1a5e98b6d.php
Parsing file:///var/www/my_project_name/var/cache/dev/twig/e9/e9605af6d2f9e9533f53ac07e16f63fc72585eb9bcbac45225105758cd9f7be2.php
Parsing file:///var/www/my_project_name/var/cache/dev/twig/7c/7c01daa733edcaa28204579257da582cfd71d75cf4ad99565a516a3784471fb6.php
Parsing file:///var/www/my_project_name/var/cache/dev/twig/61/61c60a3f28ca893b9e231dda9f41a06a2d71b76ff8a4291af3a3993eee9f3c79.php
Parsing file:///var/www/my_project_name/var/cache/dev/twig/61/61304181aff64ce43cf0f823890648c0c2b99e15c3cf94d99a071b9d1c2ee29c.php
Parsing file:///var/www/my_project_name/var/cache/dev/twig/13/13026a57dc46b0354d9a187e5f72ad96111dd97aa40dceb68e0982afb56d74a9.php
Parsing file:///var/www/my_project_name/var/cache/dev/twig/ec/ec274f77f83d7c37e2ddd13d1004ba2ec4d3be0e3b5171d0ba001d8491a6dcf4.php
Parsing file:///var/www/my_project_name/var/cache/dev/twig/0a/0a2feb360062286d30723ae3c27204e54e20832683f6cd76115b5be203bd64d5.php
Parsing file:///var/www/my_project_name/var/cache/dev/twig/cb/cb155f994de2f151e9e55ad20ecb1cb41ad82f15b87fd975c75b723556b5e630.php
Parsing file:///var/www/my_project_name/var/cache/dev/twig/01/014a33c5f833aec282bcef9bbe7c5791d4a5fca1b08eff25c389b57dcd7beaff.php
Parsing file:///var/www/my_project_name/var/cache/dev/twig/82/8246dd7ff5d51dfbd4bb577b3a9f27b274919e2f76272cb26609d8ae25e7ac39.php
Parsing file:///var/www/my_project_name/var/cache/dev/twig/82/8267fec58e167112df19739d6afc8f15f80b82a01eb09b8e78af09413f3b1665.php
Parsing file:///var/www/my_project_name/var/cache/dev/twig/21/2100adcdf2368f821de4a266dd30044c71e42dc3ac30ffd614a65c7ff724cf7f.php
Parsing file:///var/www/my_project_name/var/cache/dev/twig/e1/e15bc81b20e47f8993d6f6e0f49033cacc82caaea38f6dd959e1a0ae4d0a3c7e.php
Parsing file:///var/www/my_project_name/var/cache/dev/twig/e1/e194e366062b8ef63bd3b8e168b82feab9db76161fb640229bca6b0ff7263d79.php
Parsing file:///var/www/my_project_name/var/cache/dev/twig/e1/e12fa9b0e7fd6f797bad55d8bb9512c7b685d03085e2cf2ecafeee4649b85fa5.php
Parsing file:///var/www/my_project_name/var/cache/dev/twig/ed/ed560e29a1f260825bde4936667f033daf7ef97eaa162dc08c6a19bacc4e6423.php
Parsing file:///var/www/my_project_name/var/cache/dev/twig/e0/e0e64ea10edc3d098621f0dd85ba09ef4b5ea32eb90fde1c9f2a9ebfeee3ae52.php
Parsing file:///var/www/my_project_name/var/cache/dev/twig/b9/b99145a760d8d163607e7af385a84c93f8314abbab69057778f6ec756267ef87.php
Parsing file:///var/www/my_project_name/var/cache/dev/twig/b9/b9a5c4e931f26f1235926971ab6aa9478408aecf4da15d7089507a852a4268bc.php
Parsing file:///var/www/my_project_name/var/cache/dev/twig/fa/fa788bc496d1aeddaeea6c35cd08b55146d56483715f7a5f92b3acab05ef33df.php
Parsing file:///var/www/my_project_name/var/cache/dev/twig/b2/b2cd7f87f1a7ea5e96f918f042a422180ec1fc45ffc2e1749875fcecfdc5d8bc.php
Parsing file:///var/www/my_project_name/var/cache/dev/twig/2d/2df6d943c632dde725386be1a08ea76f535f9cf8006c1d0f8c04ab19814a1a9a.php
Parsing file:///var/www/my_project_name/var/cache/dev/twig/f3/f3b91cd548d4412463c2031086f5714c69796ae2ce19fc796066548df9ce2aec.php
Parsing file:///var/www/my_project_name/var/cache/dev/twig/f3/f397f77eff9ee5b6f2ee6901053922674b1982bed48bf26a47106246346c940a.php
Parsing file:///var/www/my_project_name/var/cache/dev/twig/f1/f133f1474182d28193b5072198e09c40d00bcf5f9f5b2b865d19a84ada71ec8a.php
Parsing file:///var/www/my_project_name/var/cache/dev/twig/c4/c4e0c6875ef962f899b4ce95257a28004278480ea3deb06f5ce7fd36f6169258.php
Parsing file:///var/www/my_project_name/var/cache/dev/twig/c4/c4280129d08734a2c81fb93076ec6ecee3c97c8a171502605821d114e449225f.php
Parsing file:///var/www/my_project_name/var/cache/dev/twig/59/59b10c5a9254ca061ce2b0a6b388a2e4091cc64e3b0ef3112d7902e7e43a6d5f.php
Parsing file:///var/www/my_project_name/var/cache/dev/twig/55/5513a31aade6401aaba523b66604761a9e00054c42dae34f4b686267df373782.php
Parsing file:///var/www/my_project_name/var/cache/dev/twig/18/18467651e51642c7c8fbb88705b3b87d5f43ae78761de532cbd7b3ebbe3a2a4e.php
Parsing file:///var/www/my_project_name/var/cache/dev/twig/45/456be528f934eea742199b540acfdc8702166ef72f85e5a4ca2eaead01d4d877.php
Parsing file:///var/www/my_project_name/var/cache/dev/twig/af/af1b1e0d53abdc6684adeb621a56f556baf542932f66040cc6bb5e2431adcff2.php
Parsing file:///var/www/my_project_name/var/cache/dev/twig/0e/0ee8d8f9f92233358d2e0cc7a5c81623bd427c121bbf9ea31eb3304240f5625a.php
Parsing file:///var/www/my_project_name/var/cache/dev/twig/70/70a740da52f756fc6ce4035261934f137e8dd5a8087ce2ccd4c0abc62f691a22.php
Parsing file:///var/www/my_project_name/var/cache/dev/twig/14/14b45bc8480f6fb48deb610e42401080b6f50a98d784b4b4afd9259723a6dc28.php
Parsing file:///var/www/my_project_name/var/cache/dev/twig/4d/4d4ef9867079a3f7783edc83f2bedf26eb3e5a104410455cb7e4654f8b3c4a58.php
Parsing file:///var/www/my_project_name/var/cache/dev/twig/4d/4de34427c142b34db98a96bc5285d0bf83274e139113dd0403c416576a6c6f6f.php
Parsing file:///var/www/my_project_name/var/cache/dev/twig/1d/1d322a2719ef26b221a5e7f89cb648cb0b72226431306382dac09cb2b0333583.php
Parsing file:///var/www/my_project_name/var/cache/dev/twig/77/77e8db082849e916ee519c60d94d2c517c1e7db33e957dee2bfa51381ea63a95.php
Parsing file:///var/www/my_project_name/var/cache/dev/twig/90/905256a3d83ea70adaa0fdc4b0b871d82ec8a949faae5cd341fdaeb2325dd312.php
Parsing file:///var/www/my_project_name/var/cache/dev/twig/1a/1ab4bf36d5584bb503039f2473dc5703e1cda790aec431dddf285e38bfed0c4d.php
Parsing file:///var/www/my_project_name/var/cache/dev/twig/1a/1a9821915dfdc1961a694ad536ae2be7d7a5d83655d33107f11dcfd5139ef627.php
Parsing file:///var/www/my_project_name/var/cache/dev/twig/48/48635666c5a9efd62991b02efed0791c6e8f9e226e0708155cabc69b223420a1.php
Parsing file:///var/www/my_project_name/var/cache/dev/twig/48/481581f7868a9830c59e5caf579a9e21b4f8c7d9244026abbd07a946f658d82e.php
Parsing file:///var/www/my_project_name/var/cache/dev/twig/ac/acb12b00c2630de2363691f13b63c323ac438d4497a2a14bcb3163325874640f.php
Parsing file:///var/www/my_project_name/var/cache/dev/twig/ac/acf418ce4f20dfb50b39a8f063b28e1c1643514dadd7b94f04a04fbe75f9080a.php
Parsing file:///var/www/my_project_name/var/cache/dev/twig/99/993618e3b9db074a4a140a95efefcfebc4e6d28212ae6c11bed6c5644a9554cf.php
Parsing file:///var/www/my_project_name/var/cache/dev/twig/a6/a63c0d504f79c9f37a362fc0d1df269bd8601d1368a21840990e713c86439d39.php
Parsing file:///var/www/my_project_name/var/cache/dev/twig/1e/1ebce3bd3736efa1b06c4296650617a80d674450883899e4995bbf205904df86.php
Parsing file:///var/www/my_project_name/var/cache/dev/twig/4f/4fdda46ffb36e888b47befc7e79ec06aa5c77407da2af1819d2e9501abed5b64.php
Parsing file:///var/www/my_project_name/var/cache/dev/twig/4f/4f56d065215ec6752a5a438113d0a3c33ba1ec24058453059df18d95eb5e69ec.php
Parsing file:///var/www/my_project_name/var/cache/dev/twig/7a/7a1d962f2f4b048047160e1016356262de0456c58b1934ddd3d6a4b561df4614.php
Parsing file:///var/www/my_project_name/var/cache/dev/srcApp_KernelDevDebugContainer.preload.php
Parsing file:///var/www/my_project_name/var/cache/dev/serialization.php
Parsing file:///var/www/my_project_name/var/cache/dev/UrlMatcher.php
Parsing file:///var/www/my_project_name/var/cache/dev/ContainerXR08A0c/srcApp_KernelDevDebugContainer.php
[Info  - 19:09:57] Ignoring file file:///var/www/my_project_name/var/cache/dev/ContainerXR08A0c/srcApp_KernelDevDebugContainer.php because it exceeds size limit of 150000 bytes (416613)
Parsing file:///var/www/my_project_name/var/cache/dev/ContainerXR08A0c/removed-ids.php
Parsing file:///var/www/my_project_name/var/cache/dev/validation.php
Parsing file:///var/www/my_project_name/var/cache/dev/ContainerDC6NkBy/srcApp_KernelDevDebugContainer.php
[Info  - 19:09:57] Ignoring file file:///var/www/my_project_name/var/cache/dev/ContainerDC6NkBy/srcApp_KernelDevDebugContainer.php because it exceeds size limit of 150000 bytes (413651)
Parsing file:///var/www/my_project_name/var/cache/dev/ContainerDC6NkBy/removed-ids.php
Parsing file:///var/www/my_project_name/tests/bootstrap.php
Parsing file:///var/www/my_project_name/public/index.php
Parsing file:///var/www/my_project_name/config/bootstrap.php
Parsing file:///var/www/my_project_name/config/bundles.php
Parsing file:///var/www/my_project_name/src/Controller/BlogController.php
Parsing file:///var/www/my_project_name/src/Kernel.php
[Info  - 19:09:57] Indexing project for dynamic references
Parsing file:///var/www/my_project_name/vendor/autoload.php
Parsing file:///var/www/my_project_name/vendor/composer/autoload_classmap.php
Parsing file:///var/www/my_project_name/vendor/composer/autoload_namespaces.php
Parsing file:///var/www/my_project_name/vendor/composer/autoload_real.php
Parsing file:///var/www/my_project_name/vendor/composer/autoload_psr4.php
Parsing file:///var/www/my_project_name/vendor/composer/autoload_static.php
Parsing file:///var/www/my_project_name/vendor/composer/ClassLoader.php
Parsing file:///var/www/my_project_name/vendor/composer/autoload_files.php
Parsing file:///var/www/my_project_name/var/cache/dev/srcApp_KernelDevDebugContainer.php
Parsing file:///var/www/my_project_name/var/cache/dev/translations/catalogue.et.4MjbMOU.php
Parsing file:///var/www/my_project_name/var/cache/dev/translations/catalogue.az.4MjbMOU.php
Parsing file:///var/www/my_project_name/var/cache/dev/translations/catalogue.tl.lgsO0l%2B.php
Parsing file:///var/www/my_project_name/var/cache/dev/translations/catalogue.sv.lgsO0l%2B.php
Parsing file:///var/www/my_project_name/var/cache/dev/translations/catalogue.af.lgsO0l%2B.php
Parsing file:///var/www/my_project_name/var/cache/dev/translations/catalogue.vi.4MjbMOU.php
Parsing file:///var/www/my_project_name/var/cache/dev/translations/catalogue.fa.4MjbMOU.php
Parsing file:///var/www/my_project_name/var/cache/dev/translations/catalogue.ro.lgsO0l%2B.php
Parsing file:///var/www/my_project_name/var/cache/dev/translations/catalogue.pt.lgsO0l%2B.php
Parsing file:///var/www/my_project_name/var/cache/dev/translations/catalogue.th.4MjbMOU.php
Parsing file:///var/www/my_project_name/var/cache/dev/translations/catalogue.zh_TW.lgsO0l%2B.php
Parsing file:///var/www/my_project_name/var/cache/dev/translations/catalogue.ar.lgsO0l%2B.php
Parsing file:///var/www/my_project_name/var/cache/dev/translations/catalogue.mn.lgsO0l%2B.php
Parsing file:///var/www/my_project_name/var/cache/dev/translations/catalogue.hr.lgsO0l%2B.php
Parsing file:///var/www/my_project_name/var/cache/dev/translations/catalogue.fi.lgsO0l%2B.php
Parsing file:///var/www/my_project_name/var/cache/dev/translations/catalogue.be.lgsO0l%2B.php
Parsing file:///var/www/my_project_name/var/cache/dev/translations/catalogue.ja.4MjbMOU.php
Parsing file:///var/www/my_project_name/var/cache/dev/translations/catalogue.eu.lgsO0l%2B.php
Parsing file:///var/www/my_project_name/var/cache/dev/translations/catalogue.en.lgsO0l%2B.php
Parsing file:///var/www/my_project_name/var/cache/dev/translations/catalogue.ca.lgsO0l%2B.php
Parsing file:///var/www/my_project_name/var/cache/dev/translations/catalogue.da.lgsO0l%2B.php
Parsing file:///var/www/my_project_name/var/cache/dev/translations/catalogue.az.lgsO0l%2B.php
Parsing file:///var/www/my_project_name/var/cache/dev/translations/catalogue.ru.4MjbMOU.php
Parsing file:///var/www/my_project_name/var/cache/dev/translations/catalogue.th.lgsO0l%2B.php
Parsing file:///var/www/my_project_name/var/cache/dev/translations/catalogue.en.4MjbMOU.php
Parsing file:///var/www/my_project_name/var/cache/dev/translations/catalogue.cy.4MjbMOU.php
Parsing file:///var/www/my_project_name/var/cache/dev/translations/catalogue.he.4MjbMOU.php
Parsing file:///var/www/my_project_name/var/cache/dev/translations/catalogue.nl.lgsO0l%2B.php
Parsing file:///var/www/my_project_name/var/cache/dev/translations/catalogue.sl.4MjbMOU.php
Parsing file:///var/www/my_project_name/var/cache/dev/translations/catalogue.nn.4MjbMOU.php
Parsing file:///var/www/my_project_name/var/cache/dev/translations/catalogue.es.4MjbMOU.php
Parsing file:///var/www/my_project_name/var/cache/dev/translations/catalogue.sr_Cyrl.lgsO0l%2B.php
Parsing file:///var/www/my_project_name/var/cache/dev/translations/catalogue.no.lgsO0l%2B.php
Parsing file:///var/www/my_project_name/var/cache/dev/translations/catalogue.hr.4MjbMOU.php
Parsing file:///var/www/my_project_name/var/cache/dev/translations/catalogue.cs.lgsO0l%2B.php
Parsing file:///var/www/my_project_name/var/cache/dev/translations/catalogue.nb.lgsO0l%2B.php
Parsing file:///var/www/my_project_name/var/cache/dev/translations/catalogue.pt_BR.4MjbMOU.php
Parsing file:///var/www/my_project_name/var/cache/dev/translations/catalogue.sk.4MjbMOU.php
Parsing file:///var/www/my_project_name/var/cache/dev/translations/catalogue.fi.4MjbMOU.php
Parsing file:///var/www/my_project_name/var/cache/dev/translations/catalogue.lv.lgsO0l%2B.php
Parsing file:///var/www/my_project_name/var/cache/dev/translations/catalogue.pt_PT.lgsO0l%2B.php
Parsing file:///var/www/my_project_name/var/cache/dev/translations/catalogue.ja.lgsO0l%2B.php
Parsing file:///var/www/my_project_name/var/cache/dev/translations/catalogue.sk.lgsO0l%2B.php
Parsing file:///var/www/my_project_name/var/cache/dev/translations/catalogue.hy.4MjbMOU.php
Parsing file:///var/www/my_project_name/var/cache/dev/translations/catalogue.nl.4MjbMOU.php
Parsing file:///var/www/my_project_name/var/cache/dev/translations/catalogue.ar.4MjbMOU.php
Parsing file:///var/www/my_project_name/var/cache/dev/translations/catalogue.hu.lgsO0l%2B.php
Parsing file:///var/www/my_project_name/var/cache/dev/translations/catalogue.bg.lgsO0l%2B.php
Parsing file:///var/www/my_project_name/var/cache/dev/translations/catalogue.id.lgsO0l%2B.php
Parsing file:///var/www/my_project_name/var/cache/dev/translations/catalogue.fr.4MjbMOU.php
Parsing file:///var/www/my_project_name/var/cache/dev/translations/catalogue.lt.lgsO0l%2B.php
Parsing file:///var/www/my_project_name/var/cache/dev/translations/catalogue.zh_CN.4MjbMOU.php
Parsing file:///var/www/my_project_name/var/cache/dev/translations/catalogue.da.4MjbMOU.php
Parsing file:///var/www/my_project_name/var/cache/dev/translations/catalogue.zh_CN.lgsO0l%2B.php
Parsing file:///var/www/my_project_name/var/cache/dev/translations/catalogue.nn.lgsO0l%2B.php
Parsing file:///var/www/my_project_name/var/cache/dev/translations/catalogue.be.4MjbMOU.php
Parsing file:///var/www/my_project_name/var/cache/dev/translations/catalogue.tl.4MjbMOU.php
Parsing file:///var/www/my_project_name/var/cache/dev/translations/catalogue.tr.lgsO0l%2B.php
Parsing file:///var/www/my_project_name/var/cache/dev/translations/catalogue.ru.lgsO0l%2B.php
Parsing file:///var/www/my_project_name/var/cache/dev/translations/catalogue.fa.lgsO0l%2B.php
Parsing file:///var/www/my_project_name/var/cache/dev/translations/catalogue.pl.lgsO0l%2B.php
Parsing file:///var/www/my_project_name/var/cache/dev/translations/catalogue.gl.lgsO0l%2B.php
Parsing file:///var/www/my_project_name/var/cache/dev/translations/catalogue.uk.lgsO0l%2B.php
Parsing file:///var/www/my_project_name/var/cache/dev/translations/catalogue.de.lgsO0l%2B.php
Parsing file:///var/www/my_project_name/var/cache/dev/translations/catalogue.sq.4MjbMOU.php
Parsing file:///var/www/my_project_name/var/cache/dev/translations/catalogue.pt_PT.4MjbMOU.php
Parsing file:///var/www/my_project_name/var/cache/dev/translations/catalogue.gl.4MjbMOU.php
Parsing file:///var/www/my_project_name/var/cache/dev/translations/catalogue.id.4MjbMOU.php
Parsing file:///var/www/my_project_name/var/cache/dev/translations/catalogue.pt.4MjbMOU.php
Parsing file:///var/www/my_project_name/var/cache/dev/translations/catalogue.fr.lgsO0l%2B.php
Parsing file:///var/www/my_project_name/var/cache/dev/translations/catalogue.zh_TW.4MjbMOU.php
Parsing file:///var/www/my_project_name/var/cache/dev/translations/catalogue.sq.lgsO0l%2B.php
Parsing file:///var/www/my_project_name/var/cache/dev/translations/catalogue.pt_BR.lgsO0l%2B.php
Parsing file:///var/www/my_project_name/var/cache/dev/translations/catalogue.cy.lgsO0l%2B.php
Parsing file:///var/www/my_project_name/var/cache/dev/translations/catalogue.lv.4MjbMOU.php
Parsing file:///var/www/my_project_name/var/cache/dev/translations/catalogue.it.lgsO0l%2B.php
Parsing file:///var/www/my_project_name/var/cache/dev/translations/catalogue.hy.lgsO0l%2B.php
Parsing file:///var/www/my_project_name/var/cache/dev/translations/catalogue.et.lgsO0l%2B.php
Parsing file:///var/www/my_project_name/var/cache/dev/translations/catalogue.ca.4MjbMOU.php
Parsing file:///var/www/my_project_name/var/cache/dev/translations/catalogue.ro.4MjbMOU.php
Parsing file:///var/www/my_project_name/var/cache/dev/translations/catalogue.af.4MjbMOU.php
Parsing file:///var/www/my_project_name/var/cache/dev/translations/catalogue.pl.4MjbMOU.php
Parsing file:///var/www/my_project_name/var/cache/dev/translations/catalogue.eu.4MjbMOU.php
Parsing file:///var/www/my_project_name/var/cache/dev/translations/catalogue.sr_Cyrl.4MjbMOU.php
Parsing file:///var/www/my_project_name/var/cache/dev/translations/catalogue.bg.4MjbMOU.php
Parsing file:///var/www/my_project_name/var/cache/dev/translations/catalogue.sr_Latn.lgsO0l%2B.php
Parsing file:///var/www/my_project_name/var/cache/dev/translations/catalogue.vi.lgsO0l%2B.php
Parsing file:///var/www/my_project_name/var/cache/dev/translations/catalogue.lb.lgsO0l%2B.php
Parsing file:///var/www/my_project_name/var/cache/dev/translations/catalogue.sv.4MjbMOU.php
Parsing file:///var/www/my_project_name/var/cache/dev/translations/catalogue.uk.4MjbMOU.php
Parsing file:///var/www/my_project_name/var/cache/dev/translations/catalogue.lb.4MjbMOU.php
Parsing file:///var/www/my_project_name/var/cache/dev/translations/catalogue.de.4MjbMOU.php
Parsing file:///var/www/my_project_name/var/cache/dev/translations/catalogue.it.4MjbMOU.php
Parsing file:///var/www/my_project_name/var/cache/dev/translations/catalogue.sr_Latn.4MjbMOU.php
Parsing file:///var/www/my_project_name/var/cache/dev/translations/catalogue.nb.4MjbMOU.php
Parsing file:///var/www/my_project_name/var/cache/dev/translations/catalogue.no.4MjbMOU.php
Parsing file:///var/www/my_project_name/var/cache/dev/translations/catalogue.sl.lgsO0l%2B.php
Parsing file:///var/www/my_project_name/var/cache/dev/translations/catalogue.tr.4MjbMOU.php
Parsing file:///var/www/my_project_name/var/cache/dev/translations/catalogue.mn.4MjbMOU.php
Parsing file:///var/www/my_project_name/var/cache/dev/translations/catalogue.lt.4MjbMOU.php
Parsing file:///var/www/my_project_name/var/cache/dev/translations/catalogue.es.lgsO0l%2B.php
Parsing file:///var/www/my_project_name/var/cache/dev/translations/catalogue.he.lgsO0l%2B.php
Parsing file:///var/www/my_project_name/var/cache/dev/translations/catalogue.cs.4MjbMOU.php
Parsing file:///var/www/my_project_name/var/cache/dev/translations/catalogue.hu.4MjbMOU.php
Parsing file:///var/www/my_project_name/var/cache/dev/translations/catalogue.el.4MjbMOU.php
Parsing file:///var/www/my_project_name/var/cache/dev/translations/catalogue.el.lgsO0l%2B.php
Parsing file:///var/www/my_project_name/var/cache/dev/annotations.php
Parsing file:///var/www/my_project_name/var/cache/dev/UrlGenerator.php
Parsing file:///var/www/my_project_name/var/cache/dev/twig/f7/f741aa77ace36a66118436bc48a5f46e61c65d257d141874a6c0666807a4d496.php
Parsing file:///var/www/my_project_name/var/cache/dev/twig/95/95c116380f75d613f2e472d6f42fdef8f0998610a364b1db39248a03f37ae685.php
Parsing file:///var/www/my_project_name/var/cache/dev/twig/8a/8aa374876dd70d3ff228bf3dace66b1e0c64aa9687d001b1dcc634abb9f2b95a.php
Parsing file:///var/www/my_project_name/var/cache/dev/twig/8a/8a6136f226cedb9e5fda26fbc2dac7a7e0d33ca0eef185bff4ad161c17e264d0.php
Parsing file:///var/www/my_project_name/var/cache/dev/twig/00/005a7c9b11c6fb79f61603979b460f0bcd42b50bebe618687756d09d6d5e6e47.php
Parsing file:///var/www/my_project_name/var/cache/dev/twig/db/dbfa39c0845d161cd632741a1dfe8ba8f666756cdf9f66e61e5981dccaca0954.php
Parsing file:///var/www/my_project_name/var/cache/dev/twig/12/12edafd7127bc6c1b4323335b818c526344e71626252248b002d069786ebc19a.php
Parsing file:///var/www/my_project_name/var/cache/dev/twig/6a/6aca1c523cfa05afd937c3821d24870db58d5df57c26811a3bfb1bc0d40cc54c.php
Parsing file:///var/www/my_project_name/var/cache/dev/twig/7b/7b16b43872fbe150e09dd3d1e186680f6916fea54eebff8571449974d298eb93.php
Parsing file:///var/www/my_project_name/var/cache/dev/twig/7b/7bef048449a20170dde237f33864534111cc6b58dfcd8ff2988edbece2dc1576.php
Parsing file:///var/www/my_project_name/var/cache/dev/twig/b6/b6d69e1a043b1386dc9a1e0b21529c3d9058d0614859064f75ad9568830f3da5.php
Parsing file:///var/www/my_project_name/var/cache/dev/twig/b6/b65052a668ba45d20d3f121e75bd8c9b342dbbea4ee6854a75a19f1c35da96bd.php
Parsing file:///var/www/my_project_name/var/cache/dev/twig/fe/fe8ed3e4436f1ee84c9554d0d125fa12c91fa193d5525cdf16669973b98f4e8f.php
Parsing file:///var/www/my_project_name/var/cache/dev/twig/fe/fe1263294fd4d6e8407cc5e2ae82a15f92c746b38c2ac39898c75904a0a7e3b2.php
Parsing file:///var/www/my_project_name/var/cache/dev/twig/cc/ccf53060e1adc4cd3b58fa3154bedce4fa25cbcea4572245f48f9a29006c3afc.php
Parsing file:///var/www/my_project_name/var/cache/dev/twig/3d/3d5ef00b43793735c5fb1daddf5430bb16157960c5fcee721fb74f77120cbaab.php
Parsing file:///var/www/my_project_name/var/cache/dev/twig/3d/3dd7c4ed9dcdbb827bb17a2dafac8514651d748db871f4cc849506175f17d15a.php
Parsing file:///var/www/my_project_name/var/cache/dev/twig/38/3813ef65d3248b58e9a20f9f5db9da184dbff623d7eb331045740f69b0d0b1e5.php
Parsing file:///var/www/my_project_name/var/cache/dev/twig/56/56a330aab83b7bf99eb3d0e859f3a79557e7e3d81c8d0a4d5d28dd9397f1856d.php
Parsing file:///var/www/my_project_name/var/cache/dev/twig/54/543127c5bf789ab65710cc094f125457da11cbf2399fa62c07cc81646849b5a1.php
Parsing file:///var/www/my_project_name/var/cache/dev/twig/54/54268c4a7bbbbcf8352a6cf446f1e69c40c611c7e875da613bdc602270440cca.php
Parsing file:///var/www/my_project_name/var/cache/dev/twig/47/47a0fbf93ad564c01c92683e3076347e41a0771af0ce5daa175ec7ffb3ce19ae.php
Parsing file:///var/www/my_project_name/var/cache/dev/twig/a0/a01b8bae40fa7183e356dbb69313a4de13727f216a1acb39611c4efd82d6d314.php
Parsing file:///var/www/my_project_name/var/cache/dev/twig/0b/0bbb72358eeeaa808e94e777a5836b66cf8de6064e558595ca974dcbe5d83b88.php
Parsing file:///var/www/my_project_name/var/cache/dev/twig/0b/0b74cb4217afa4372bcc1ea08a6ffa89c4fffac54fe202a55e04a4a681f58139.php
Parsing file:///var/www/my_project_name/var/cache/dev/twig/9f/9f21c922459247a567464b4d29750643ccddec58185a477886ecc6ac1dbb0177.php
Parsing file:///var/www/my_project_name/var/cache/dev/twig/19/194a9635ff971f00e740ea36eecd8e47a98df70c9ad07e37aeb9174c9124ffef.php
Parsing file:///var/www/my_project_name/var/cache/dev/twig/ca/ca4e65921812eba78ed02c5d5ff94e2bba33ffd656d26ec338ea13d5b98e9562.php
Parsing file:///var/www/my_project_name/var/cache/dev/twig/cf/cf5594a43b5b8f5f7737f745cf83472e2fe171f66af2ba54ed0bd5b976d3a595.php
Parsing file:///var/www/my_project_name/var/cache/dev/twig/cf/cfffd381f638e223e15f0fda83f969e34472798158fa6b521f9c0a025203697c.php
[Info  - 19:09:59] Ignoring file file:///var/www/my_project_name/var/cache/dev/twig/cf/cfffd381f638e223e15f0fda83f969e34472798158fa6b521f9c0a025203697c.php because it exceeds size limit of 150000 bytes (184543)
Parsing file:///var/www/my_project_name/var/cache/dev/twig/cf/cfd04de2bfa3a59d641bbbcdb2d60cf02eeb43c919262287e4cf234e9486232b.php
Parsing file:///var/www/my_project_name/var/cache/dev/twig/ff/ffc7f76454f20a668fba01dd41b40dd3f7632424c02e20b5abe0b9e0f80d1ab9.php
Parsing file:///var/www/my_project_name/var/cache/dev/twig/5b/5b48252072764945bd9ba3aaac51d21743b477d78c4cc2fab8e3e0712a06adcd.php
Parsing file:///var/www/my_project_name/var/cache/dev/twig/08/08bcc8dd572844207f3a8ade9b2ee165080abe320e4f08edfedc80236e920f57.php
Parsing file:///var/www/my_project_name/var/cache/dev/twig/dd/dd3b42c0f4f7a893844fff7c2e5dbb8df6b9142229c778ff1b2373daaef686aa.php
Parsing file:///var/www/my_project_name/var/cache/dev/twig/40/400a1f34c4cfe29b75b0f9b05bf31c57865986904fc68c17f65620704aa7e41f.php
Parsing file:///var/www/my_project_name/var/cache/dev/twig/40/40ca554a65a3fa0964d9c9936cea1861b7d6eae3390849aef9a2dbdc8b83deae.php
Parsing file:///var/www/my_project_name/var/cache/dev/twig/81/81b8e57783d6a7a5e2979e1139f6c339580bac00428114ae55f80d3d7890f78f.php
Parsing file:///var/www/my_project_name/var/cache/dev/twig/64/64d772835871e1d71425acf3f1cf16ff31e50fc9b5c23b02af37ca4bf636ff8d.php
Parsing file:///var/www/my_project_name/var/cache/dev/twig/2c/2c9f2fe7bcac39806a2757c00ced451c36ad2415397be23be4e4df6d6681e19f.php
Parsing file:///var/www/my_project_name/var/cache/dev/twig/2c/2c128ba59adae5cfa7517055cc6e24f07f73abf1cba8fa6dbbe2b87af8e52a5e.php
Parsing file:///var/www/my_project_name/var/cache/dev/twig/2c/2c1d9e2d1e81fd66725f5bc91dece670125ebb88a683d24953a97ab1c2644101.php
Parsing file:///var/www/my_project_name/var/cache/dev/twig/1b/1b88852d04f76cefb9020fd43639b29e0cbcd34597c60ec1cb4797d471ef996d.php
Parsing file:///var/www/my_project_name/var/cache/dev/twig/1b/1b86890440e2f5f7d598dd1e0f08efbfc624876604e99c2eb3d4ac959724d8dd.php
Parsing file:///var/www/my_project_name/var/cache/dev/twig/57/57671d67dc787791d61df2a246256b87d3999de4ee2c132ce6be641823032529.php
Parsing file:///var/www/my_project_name/var/cache/dev/twig/75/7519662a9533b33fabb7596357d826014f73c4bbff4360312f51c63a640b6239.php
Parsing file:///var/www/my_project_name/var/cache/dev/twig/26/26ec8c8fca376ac52cdf9ec9e5f347773c842993d82cb159ff2e26834dfccd7a.php
Parsing file:///var/www/my_project_name/var/cache/dev/twig/26/26320022ed1eefadeb11e322277652ce979b6f96e79d18f44cc39706fc30ae39.php
Parsing file:///var/www/my_project_name/var/cache/dev/twig/5a/5a58d54d7c55149f0a739efdc86063d6777dd2e58e66aceef595b0cbf19acf0c.php
Parsing file:///var/www/my_project_name/var/cache/dev/twig/5a/5a1ca9621b5a023d43e4a2d342d799ab62a9ab7c5c0f674bee53d2b0f0a223c4.php
Parsing file:///var/www/my_project_name/var/cache/dev/twig/1f/1f38a4264b01205a6aa56f482a2ae7a5f057c004ab9d0b8c941d6c630b970d0d.php
Parsing file:///var/www/my_project_name/var/cache/dev/twig/e7/e7c659ea09ee4293fbce744f68a0ad8bbe39aac4c67b860f16a6a010d080bf3c.php
Parsing file:///var/www/my_project_name/var/cache/dev/twig/d8/d84499ad91a66c045516b6068ebfc4eb32e6fd2713059656a39b3bfa6d54e2b9.php
Parsing file:///var/www/my_project_name/var/cache/dev/twig/d8/d8129673a76be34146ac84e31c9cbf680984b2bcd4be21be8253dbb2f68f6843.php
Parsing file:///var/www/my_project_name/var/cache/dev/twig/16/167041088eb78f9ecad668a908d156a9b20a7069d410da981e9cc1ae4a1a55a1.php
Parsing file:///var/www/my_project_name/var/cache/dev/twig/6f/6f95b70fac794dc534e2fd0ee1d654ba68a83a016ca4e5710c72114ae0a92dbd.php
Parsing file:///var/www/my_project_name/var/cache/dev/twig/4c/4ca8a3b8ad560069bd1cdc781ca7dbb377026f1f8c08858739c1692767a14488.php
Parsing file:///var/www/my_project_name/var/cache/dev/twig/4b/4be217f9fe0b792a93236863cd571d79bbb5c5ecf92a2b4270d8146ff554636a.php
Parsing file:///var/www/my_project_name/var/cache/dev/twig/cd/cdbff8924f3c3f2224d44e2fa51b3e8aa13478fdcaec9d4822e67f7d7eeb856c.php
Parsing file:///var/www/my_project_name/var/cache/dev/twig/58/58d9628b3d264ac3d9da83ec515b0b09561527aa3cf891ebd8c3342f511419c3.php
Parsing file:///var/www/my_project_name/var/cache/dev/twig/7f/7fa85f45911244d5cf02c28be72d934ef60575f406016a72d8dc6d80be234eee.php
Parsing file:///var/www/my_project_name/var/cache/dev/twig/6b/6b08fc96146b7208539099da48dcfb3095694fc12168e64f31b9f38237aa4c4d.php
Parsing file:///var/www/my_project_name/var/cache/dev/twig/3f/3fb6d469e7bc38adfd3eb9cf38b73b983e8ed049c220cf7faef17586c769a994.php
Parsing file:///var/www/my_project_name/var/cache/dev/twig/3f/3f9be747ce463af19c27a961c1ffa209fa7df026bc3624d163a93517ef8eda26.php
Parsing file:///var/www/my_project_name/var/cache/dev/twig/09/0967945a493844b4a447f93fcfcdc2ac1225a4a5265ccd574d4466e08b20100f.php
Parsing file:///var/www/my_project_name/var/cache/dev/twig/07/07a3b787698faa44cf0f65a919cb50b7eb988d3330c4673efb5a30bd948d3af3.php
Parsing file:///var/www/my_project_name/var/cache/dev/twig/91/91f31304d8e5ca96865e5b00d80f44d774e9a0093dd684bb271f4bc2114a894c.php
Parsing file:///var/www/my_project_name/var/cache/dev/twig/91/91f3c28dd925372367251d506cf1eedbd4810cc77e27ad5790072e0a52aaf99b.php
Parsing file:///var/www/my_project_name/var/cache/dev/twig/89/897a66cb1e5a83f2ee2393b6dd44af4f312bb3fa6a9ced2633732f90ae901fb8.php
Parsing file:///var/www/my_project_name/var/cache/dev/twig/92/92ba78c66a3edef90aac071b316ca659f043a6afd7efeb44ea808dc7ebab8276.php
Parsing file:///var/www/my_project_name/var/cache/dev/twig/ef/efa1428839318f39b957eba35c5f2660051e08e61260128c7857a2aad9c80b3f.php
Parsing file:///var/www/my_project_name/var/cache/dev/twig/be/bef60e3e343daf2170f5e86a231b67f8060c34eb896f70cfcc7f730c71f5904c.php
Parsing file:///var/www/my_project_name/var/cache/dev/twig/be/bea53b2825de1847ad217e4b4f8d4efc39972903389b75483841764f5fc2c73c.php
Parsing file:///var/www/my_project_name/var/cache/dev/twig/98/9874f6223f420e6070349853da9c343cbe01a7a1e45dd14866302d77b456d0b7.php
Parsing file:///var/www/my_project_name/var/cache/dev/twig/98/98f937e969e0326e730edcee020dcbd63e48eaa97a8aadfd044129b461f3aad1.php
Parsing file:///var/www/my_project_name/var/cache/dev/twig/96/9656ec68ae01074a13721015fcbb328f36a8e295f06dbcb6beb31823b5e9281c.php
Parsing file:///var/www/my_project_name/var/cache/dev/twig/63/6334276ef47916a8276bb8cbef714ee63b604702b468ecebb62eb49c12aebfb8.php
Parsing file:///var/www/my_project_name/var/cache/dev/twig/86/862559f6a920c07089c177753d76582bd4c020c56018a734f7a85688a7007253.php
Parsing file:///var/www/my_project_name/var/cache/dev/twig/c5/c51d78fb31d27dae55602452848b15bd31cdc1189fda102bc44d6b26dcac9d56.php
Parsing file:///var/www/my_project_name/var/cache/dev/twig/c5/c5bda412aecbb5d7915ad450aaa05bd078dbe9469adebb489ee5636601fd1872.php
Parsing file:///var/www/my_project_name/var/cache/dev/twig/ba/ba180c4c774dfea6eba2e585c44055a1586edd11ae64018a0dc1e5da98e42772.php
Parsing file:///var/www/my_project_name/var/cache/dev/twig/42/42ccdc04e30ceaf5fd513f2f9ecebc57fce130f04308a6c8fd7507ab89f5a14a.php
Parsing file:///var/www/my_project_name/var/cache/dev/twig/42/42dd29147763d4228c67e0f9e8e17466d14799de0be1e7b0f8082a2834dd04f5.php
Parsing file:///var/www/my_project_name/var/cache/dev/twig/f4/f452d62fb8eab9ce70b7d352f9cc7e760d05f0b0ff27b155a2de5dccfceb992c.php
Parsing file:///var/www/my_project_name/var/cache/dev/twig/f4/f4ac9bfb0c7ca914fb38d2bbb57f7edcf3e99472aa8c1dcd6e60ce9e9cd171a1.php
Parsing file:///var/www/my_project_name/var/cache/dev/twig/88/886c4c186560c74911ccf9c259edb6c2a2e38b1d64f0c3bd15d196eb361bd870.php
Parsing file:///var/www/my_project_name/var/cache/dev/twig/c1/c199ba5f7ceb9817dcff8fb4d044997443b10a161a2f5796acadd5f7eea8ab70.php
Parsing file:///var/www/my_project_name/var/cache/dev/twig/03/03c9ed3d4167714aa47f4114d99cecd2c3aa073a1c8e9bfcd7690d3a136a2c95.php
Parsing file:///var/www/my_project_name/var/cache/dev/twig/e6/e6bbd8285c27ead0630b43ebc24af0c03ff8ce3fe9172d8c9e38c60573a3c1d7.php
Parsing file:///var/www/my_project_name/var/cache/dev/twig/84/84ac49cab5ff5d94acc5b7ef8a2813dcdd7662795ec372e566dcd5bf66b7307b.php
Parsing file:///var/www/my_project_name/var/cache/dev/twig/25/25968fba9494077b6bd2c6947f456547d8a9f438f5a80d42c4faa2ecdaec0aeb.php
Parsing file:///var/www/my_project_name/var/cache/dev/twig/8b/8b54bd0f1a11e2faea7143e071756292285215702c735372a776bdf3c1c5c281.php
Parsing file:///var/www/my_project_name/var/cache/dev/twig/c8/c886f8603ff60a3b6926a7374abf3c1c7a2f9fa4e38683e5e685459adf84f76e.php
Parsing file:///var/www/my_project_name/var/cache/dev/twig/9d/9d6e3235bc7f0289809ffc25fc7642b726b406a908c690ee217ac8c242569735.php
Parsing file:///var/www/my_project_name/var/cache/dev/twig/4a/4a1b56c1b07af4a4ae72ec001338b4a9ee96b08584af28e3c9c26feddaeac1ec.php
Parsing file:///var/www/my_project_name/var/cache/dev/twig/bc/bc1dc1cb875b84a5522193053875c397f48b87cf423e26c58578947307a1da4d.php
Parsing file:///var/www/my_project_name/var/cache/dev/twig/b8/b8636b611eb7230ee93bd55be034503c48d3d1846a648d5822c6756e448cc182.php
Parsing file:///var/www/my_project_name/var/cache/dev/twig/ea/ea7419fbad62f73ce770ad333a8b2d516619f9b7d81c7b82a78698b4ce9036f9.php
Parsing file:///var/www/my_project_name/var/cache/dev/twig/65/6582cd3f86925d10a2823c0c70250465f2ba078d5167a912a5727a796e9f3cf7.php
Parsing file:///var/www/my_project_name/var/cache/dev/twig/f6/f6506e8d838a74421c1b29e6f1fa68eda47fee1ad06037ba3defb1082fca06f3.php
Parsing file:///var/www/my_project_name/var/cache/dev/twig/27/27ae5447934d6d7198eaab5b670ad733c09ecd324883387fa20fadc18bdaba0f.php
Parsing file:///var/www/my_project_name/var/cache/dev/twig/27/276fd7117926a2889e433abc91f3ffefdfd2d567431d2756bafba946ab8f06b7.php
Parsing file:///var/www/my_project_name/var/cache/dev/twig/27/27a74902095d42f99774ee920ba12207d18e20f080895fbbf9a8f48654dab9d6.php
Parsing file:///var/www/my_project_name/var/cache/dev/twig/35/356d6473b9dead7917e9ec546a7e82d4a203104dbf37f9ec13bb70d59a1ff365.php
Parsing file:///var/www/my_project_name/var/cache/dev/twig/2b/2ba4ccae3f410f7b4fe7ea641289912b6ae287b810bbe3642e0a5a881f5f48be.php
Parsing file:///var/www/my_project_name/var/cache/dev/twig/39/397c257a9acc0f28a64a258529f286a5e02dce58752277a068a163cb3bd465cd.php
Parsing file:///var/www/my_project_name/var/cache/dev/twig/39/392587e9fdbe3b4f26265de16901468fea890866392bb9d875ff3b15d4ee6c36.php
Parsing file:///var/www/my_project_name/var/cache/dev/twig/79/79a6299aa51e7405f398032fdbaec15334a3420297844b5fb672d3dfeb9390b9.php
Parsing file:///var/www/my_project_name/var/cache/dev/twig/6e/6ef22b89fb4a0f82269d132320ab90ca8c1966c0c6f0483bad15ebf06b390441.php
Parsing file:///var/www/my_project_name/var/cache/dev/twig/0f/0f246f4482382b23dc7efc4baa5e724f8b91f961761ae67a36ea374d6b6df901.php
Parsing file:///var/www/my_project_name/var/cache/dev/twig/7d/7de42a9b7c97f01b614dfd17f921a1457e9ab2873564abeed7a3091d453513fa.php
Parsing file:///var/www/my_project_name/var/cache/dev/twig/bf/bfb60971cb399687fb5a85aad2ae5b96a44527c52ff1c50c3a7cc3532d8da0a2.php
Parsing file:///var/www/my_project_name/var/cache/dev/twig/bf/bf78a3bce181ee626939dc8a9ce6ccde4014f0325753e0bd53f9b3c236a72a8a.php
Parsing file:///var/www/my_project_name/var/cache/dev/twig/52/521db6c715c57661723f83278c601935a48c085dbb70f34e9e240678d7047b48.php
Parsing file:///var/www/my_project_name/var/cache/dev/twig/7e/7e8f2860db1f39b856a13bca2e84133efb149a36e94fe8a65d1e623f69b5b3ba.php
Parsing file:///var/www/my_project_name/var/cache/dev/twig/41/41512662ce2467d3b5316b7fadd35caab42ad32d4b8d25b31dd599e3e5c06e61.php
Parsing file:///var/www/my_project_name/var/cache/dev/twig/41/41bd78ed18a80c68cb6c56eb13c0f9f8010dcd8d9a25aa9c0a2691970a80f47c.php
Parsing file:///var/www/my_project_name/var/cache/dev/twig/a2/a24581bb7f6e2def5a5f516d267df93e3ac74a134dbe7fdd0b8c7b51fdadff34.php
Parsing file:///var/www/my_project_name/var/cache/dev/twig/da/daddab309036301b9c1e814feb87d0ea498988b88a5cbdc5eb994e02af7c69ec.php
Parsing file:///var/www/my_project_name/var/cache/dev/twig/3b/3b67f3c88411501ebe6de338e6e9c7bee0dc4c023cf694684badff04463a393b.php
Parsing file:///var/www/my_project_name/var/cache/dev/twig/3b/3b9b9afc08c735f9f4a823ca8cc72fc2aefcf5bb307ee24735c76f01d5fc34ac.php
Parsing file:///var/www/my_project_name/var/cache/dev/twig/f2/f209c16d248e9b008206ba8fa351b2e0510d55ba57a8d1037aac88eeaca68948.php
Parsing file:///var/www/my_project_name/var/cache/dev/twig/62/62175a425bd1fda13160407af50bdcf4a5a5d9eabb689c59a67c101ff7d54839.php
Parsing file:///var/www/my_project_name/var/cache/dev/twig/6d/6d4ff1bc1598b108c43394862c91bbdc116e5d1d9d5185e7c964f5aa52fc3c73.php
Parsing file:///var/www/my_project_name/var/cache/dev/twig/6d/6d5c8790749291ae6a700edb82deca0bf2c7e93032f79fe517c15fa2d9454cf6.php
Parsing file:///var/www/my_project_name/var/cache/dev/twig/50/503c3d3df298b31e757fc074ad03abc65bf3013a99456fe83699548e031fa92b.php
Parsing file:///var/www/my_project_name/var/cache/dev/twig/22/2282f621987356282e34b336cca948810938bce2b1da1cef75ef27fa7a964d81.php
Parsing file:///var/www/my_project_name/var/cache/dev/twig/22/22c240abb8f4a2b3cb96ebe5d163fb78f0115b332ea08e16abf74361450a21c2.php
Parsing file:///var/www/my_project_name/var/cache/dev/twig/d3/d3dc40e48168e3e4f668b3c981b95503b8b8af696ed30cd75217819027098ac5.php
Parsing file:///var/www/my_project_name/var/cache/dev/twig/d3/d358b9c145da2aff5fdbaf60a7aadea14d3ef54301daf6fc401d931ae5065d0e.php
Parsing file:///var/www/my_project_name/var/cache/dev/twig/d2/d2ff91aa1daa568d429651924adf23e710a8845371370c645adcc2a1a5e98b6d.php
Parsing file:///var/www/my_project_name/var/cache/dev/twig/e9/e9605af6d2f9e9533f53ac07e16f63fc72585eb9bcbac45225105758cd9f7be2.php
Parsing file:///var/www/my_project_name/var/cache/dev/twig/7c/7c01daa733edcaa28204579257da582cfd71d75cf4ad99565a516a3784471fb6.php
Parsing file:///var/www/my_project_name/var/cache/dev/twig/61/61c60a3f28ca893b9e231dda9f41a06a2d71b76ff8a4291af3a3993eee9f3c79.php
Parsing file:///var/www/my_project_name/var/cache/dev/twig/61/61304181aff64ce43cf0f823890648c0c2b99e15c3cf94d99a071b9d1c2ee29c.php
Parsing file:///var/www/my_project_name/var/cache/dev/twig/13/13026a57dc46b0354d9a187e5f72ad96111dd97aa40dceb68e0982afb56d74a9.php
Parsing file:///var/www/my_project_name/var/cache/dev/twig/ec/ec274f77f83d7c37e2ddd13d1004ba2ec4d3be0e3b5171d0ba001d8491a6dcf4.php
Parsing file:///var/www/my_project_name/var/cache/dev/twig/0a/0a2feb360062286d30723ae3c27204e54e20832683f6cd76115b5be203bd64d5.php
Parsing file:///var/www/my_project_name/var/cache/dev/twig/cb/cb155f994de2f151e9e55ad20ecb1cb41ad82f15b87fd975c75b723556b5e630.php
Parsing file:///var/www/my_project_name/var/cache/dev/twig/01/014a33c5f833aec282bcef9bbe7c5791d4a5fca1b08eff25c389b57dcd7beaff.php
Parsing file:///var/www/my_project_name/var/cache/dev/twig/82/8246dd7ff5d51dfbd4bb577b3a9f27b274919e2f76272cb26609d8ae25e7ac39.php
Parsing file:///var/www/my_project_name/var/cache/dev/twig/82/8267fec58e167112df19739d6afc8f15f80b82a01eb09b8e78af09413f3b1665.php
Parsing file:///var/www/my_project_name/var/cache/dev/twig/21/2100adcdf2368f821de4a266dd30044c71e42dc3ac30ffd614a65c7ff724cf7f.php
Parsing file:///var/www/my_project_name/var/cache/dev/twig/e1/e15bc81b20e47f8993d6f6e0f49033cacc82caaea38f6dd959e1a0ae4d0a3c7e.php
Parsing file:///var/www/my_project_name/var/cache/dev/twig/e1/e194e366062b8ef63bd3b8e168b82feab9db76161fb640229bca6b0ff7263d79.php
Parsing file:///var/www/my_project_name/var/cache/dev/twig/e1/e12fa9b0e7fd6f797bad55d8bb9512c7b685d03085e2cf2ecafeee4649b85fa5.php
Parsing file:///var/www/my_project_name/var/cache/dev/twig/ed/ed560e29a1f260825bde4936667f033daf7ef97eaa162dc08c6a19bacc4e6423.php
Parsing file:///var/www/my_project_name/var/cache/dev/twig/e0/e0e64ea10edc3d098621f0dd85ba09ef4b5ea32eb90fde1c9f2a9ebfeee3ae52.php
Parsing file:///var/www/my_project_name/var/cache/dev/twig/b9/b99145a760d8d163607e7af385a84c93f8314abbab69057778f6ec756267ef87.php
Parsing file:///var/www/my_project_name/var/cache/dev/twig/b9/b9a5c4e931f26f1235926971ab6aa9478408aecf4da15d7089507a852a4268bc.php
Parsing file:///var/www/my_project_name/var/cache/dev/twig/fa/fa788bc496d1aeddaeea6c35cd08b55146d56483715f7a5f92b3acab05ef33df.php
Parsing file:///var/www/my_project_name/var/cache/dev/twig/b2/b2cd7f87f1a7ea5e96f918f042a422180ec1fc45ffc2e1749875fcecfdc5d8bc.php
Parsing file:///var/www/my_project_name/var/cache/dev/twig/2d/2df6d943c632dde725386be1a08ea76f535f9cf8006c1d0f8c04ab19814a1a9a.php
Parsing file:///var/www/my_project_name/var/cache/dev/twig/f3/f3b91cd548d4412463c2031086f5714c69796ae2ce19fc796066548df9ce2aec.php
Parsing file:///var/www/my_project_name/var/cache/dev/twig/f3/f397f77eff9ee5b6f2ee6901053922674b1982bed48bf26a47106246346c940a.php
Parsing file:///var/www/my_project_name/var/cache/dev/twig/f1/f133f1474182d28193b5072198e09c40d00bcf5f9f5b2b865d19a84ada71ec8a.php
Parsing file:///var/www/my_project_name/var/cache/dev/twig/c4/c4e0c6875ef962f899b4ce95257a28004278480ea3deb06f5ce7fd36f6169258.php
Parsing file:///var/www/my_project_name/var/cache/dev/twig/c4/c4280129d08734a2c81fb93076ec6ecee3c97c8a171502605821d114e449225f.php
Parsing file:///var/www/my_project_name/var/cache/dev/twig/59/59b10c5a9254ca061ce2b0a6b388a2e4091cc64e3b0ef3112d7902e7e43a6d5f.php
Parsing file:///var/www/my_project_name/var/cache/dev/twig/55/5513a31aade6401aaba523b66604761a9e00054c42dae34f4b686267df373782.php
Parsing file:///var/www/my_project_name/var/cache/dev/twig/18/18467651e51642c7c8fbb88705b3b87d5f43ae78761de532cbd7b3ebbe3a2a4e.php
Parsing file:///var/www/my_project_name/var/cache/dev/twig/45/456be528f934eea742199b540acfdc8702166ef72f85e5a4ca2eaead01d4d877.php
Parsing file:///var/www/my_project_name/var/cache/dev/twig/af/af1b1e0d53abdc6684adeb621a56f556baf542932f66040cc6bb5e2431adcff2.php
Parsing file:///var/www/my_project_name/var/cache/dev/twig/0e/0ee8d8f9f92233358d2e0cc7a5c81623bd427c121bbf9ea31eb3304240f5625a.php
Parsing file:///var/www/my_project_name/var/cache/dev/twig/70/70a740da52f756fc6ce4035261934f137e8dd5a8087ce2ccd4c0abc62f691a22.php
Parsing file:///var/www/my_project_name/var/cache/dev/twig/14/14b45bc8480f6fb48deb610e42401080b6f50a98d784b4b4afd9259723a6dc28.php
Parsing file:///var/www/my_project_name/var/cache/dev/twig/4d/4d4ef9867079a3f7783edc83f2bedf26eb3e5a104410455cb7e4654f8b3c4a58.php
Parsing file:///var/www/my_project_name/var/cache/dev/twig/4d/4de34427c142b34db98a96bc5285d0bf83274e139113dd0403c416576a6c6f6f.php
Parsing file:///var/www/my_project_name/var/cache/dev/twig/1d/1d322a2719ef26b221a5e7f89cb648cb0b72226431306382dac09cb2b0333583.php
Parsing file:///var/www/my_project_name/var/cache/dev/twig/77/77e8db082849e916ee519c60d94d2c517c1e7db33e957dee2bfa51381ea63a95.php
Parsing file:///var/www/my_project_name/var/cache/dev/twig/90/905256a3d83ea70adaa0fdc4b0b871d82ec8a949faae5cd341fdaeb2325dd312.php
Parsing file:///var/www/my_project_name/var/cache/dev/twig/1a/1ab4bf36d5584bb503039f2473dc5703e1cda790aec431dddf285e38bfed0c4d.php
Parsing file:///var/www/my_project_name/var/cache/dev/twig/1a/1a9821915dfdc1961a694ad536ae2be7d7a5d83655d33107f11dcfd5139ef627.php
Parsing file:///var/www/my_project_name/var/cache/dev/twig/48/48635666c5a9efd62991b02efed0791c6e8f9e226e0708155cabc69b223420a1.php
Parsing file:///var/www/my_project_name/var/cache/dev/twig/48/481581f7868a9830c59e5caf579a9e21b4f8c7d9244026abbd07a946f658d82e.php
Parsing file:///var/www/my_project_name/var/cache/dev/twig/ac/acb12b00c2630de2363691f13b63c323ac438d4497a2a14bcb3163325874640f.php
Parsing file:///var/www/my_project_name/var/cache/dev/twig/ac/acf418ce4f20dfb50b39a8f063b28e1c1643514dadd7b94f04a04fbe75f9080a.php
Parsing file:///var/www/my_project_name/var/cache/dev/twig/99/993618e3b9db074a4a140a95efefcfebc4e6d28212ae6c11bed6c5644a9554cf.php
Parsing file:///var/www/my_project_name/var/cache/dev/twig/a6/a63c0d504f79c9f37a362fc0d1df269bd8601d1368a21840990e713c86439d39.php
Parsing file:///var/www/my_project_name/var/cache/dev/twig/1e/1ebce3bd3736efa1b06c4296650617a80d674450883899e4995bbf205904df86.php
Parsing file:///var/www/my_project_name/var/cache/dev/twig/4f/4fdda46ffb36e888b47befc7e79ec06aa5c77407da2af1819d2e9501abed5b64.php
Parsing file:///var/www/my_project_name/var/cache/dev/twig/4f/4f56d065215ec6752a5a438113d0a3c33ba1ec24058453059df18d95eb5e69ec.php
Parsing file:///var/www/my_project_name/var/cache/dev/twig/7a/7a1d962f2f4b048047160e1016356262de0456c58b1934ddd3d6a4b561df4614.php
Parsing file:///var/www/my_project_name/var/cache/dev/srcApp_KernelDevDebugContainer.preload.php
Parsing file:///var/www/my_project_name/var/cache/dev/serialization.php
Parsing file:///var/www/my_project_name/var/cache/dev/UrlMatcher.php
Parsing file:///var/www/my_project_name/var/cache/dev/ContainerXR08A0c/srcApp_KernelDevDebugContainer.php
[Info  - 19:10:03] Ignoring file file:///var/www/my_project_name/var/cache/dev/ContainerXR08A0c/srcApp_KernelDevDebugContainer.php because it exceeds size limit of 150000 bytes (416613)
Parsing file:///var/www/my_project_name/var/cache/dev/ContainerXR08A0c/removed-ids.php
Parsing file:///var/www/my_project_name/var/cache/dev/validation.php
Parsing file:///var/www/my_project_name/var/cache/dev/ContainerDC6NkBy/srcApp_KernelDevDebugContainer.php
[Info  - 19:10:03] Ignoring file file:///var/www/my_project_name/var/cache/dev/ContainerDC6NkBy/srcApp_KernelDevDebugContainer.php because it exceeds size limit of 150000 bytes (413651)
Parsing file:///var/www/my_project_name/var/cache/dev/ContainerDC6NkBy/removed-ids.php
Parsing file:///var/www/my_project_name/tests/bootstrap.php
Parsing file:///var/www/my_project_name/public/index.php
Parsing file:///var/www/my_project_name/config/bootstrap.php
Parsing file:///var/www/my_project_name/config/bundles.php
Parsing file:///var/www/my_project_name/src/Controller/BlogController.php
Parsing file:///var/www/my_project_name/src/Kernel.php
[Info  - 19:10:03] 101 Packages
[Info  - 19:10:03] Restored monolog/monolog:1.25.5 from cache
[Info  - 19:10:03] Restored webimpress/safe-writer:2.1.0 from cache
[Info  - 19:10:03] Restored ocramius/proxy-manager:2.8.0 from cache
[Info  - 19:10:03] Restored phpdocumentor/reflection-common:2.2.0 from cache
[Info  - 19:10:03] Restored phpdocumentor/type-resolver:1.3.0 from cache
[Info  - 19:10:03] Restored phpdocumentor/reflection-docblock:5.2.1 from cache
[Info  - 19:10:03] Restored laminas/laminas-zendframework-bridge:1.1.0 from cache
[Info  - 19:10:03] Restored laminas/laminas-eventmanager:3.3.0 from cache
[Info  - 19:10:03] Restored laminas/laminas-code:3.4.1 from cache
[Info  - 19:10:03] Restored symfony/http-client-contracts:2.2.0 from cache
[Info  - 19:10:03] Restored symfony/dom-crawler:4.4.13 from cache
[Info  - 19:10:03] Restored symfony/property-info:4.4.13 from cache
[Info  - 19:10:03] Restored symfony/var-dumper:4.4.13 from cache
[Info  - 19:10:03] Restored symfony/inflector:4.4.13 from cache
[Info  - 19:10:03] Restored symfony/phpunit-bridge:5.1.5 from cache
[Info  - 19:10:03] Restored symfony/security-core:4.4.13 from cache
[Info  - 19:10:03] Restored symfony/debug-bundle:4.4.13 from cache
[Info  - 19:10:03] Restored symfony/asset:4.4.13 from cache
[Info  - 19:10:03] Restored symfony/serializer:4.4.13 from cache
[Info  - 19:10:03] Restored symfony/polyfill-intl-idn:1.18.1 from cache
[Info  - 19:10:03] Restored symfony/maker-bundle:1.21.1 from cache
[Info  - 19:10:03] Restored symfony/polyfill-intl-icu:1.18.1 from cache
[Info  - 19:10:03] Restored symfony/expression-language:4.4.13 from cache
[Info  - 19:10:03] Restored symfony/translation-contracts:2.2.0 from cache
[Info  - 19:10:03] Restored symfony/validator:4.4.13 from cache
[Info  - 19:10:03] Restored symfony/intl:4.4.13 from cache
[Info  - 19:10:03] Restored symfony/http-foundation:4.4.13 from cache
[Info  - 19:10:03] Restored symfony/web-link:4.4.13 from cache
[Info  - 19:10:03] Restored symfony/service-contracts:2.2.0 from cache
[Info  - 19:10:03] Restored symfony/twig-bundle:4.4.13 from cache
[Info  - 19:10:03] Restored symfony/web-profiler-bundle:4.4.13 from cache
[Info  - 19:10:03] Restored symfony/http-client:4.4.13 from cache
[Info  - 19:10:03] Restored symfony/polyfill-mbstring:1.18.1 from cache
[Info  - 19:10:03] Restored symfony/browser-kit:4.4.13 from cache
[Info  - 19:10:03] Restored symfony/dotenv:4.4.13 from cache
[Info  - 19:10:03] Restored symfony/polyfill-php80:1.18.1 from cache
[Info  - 19:10:03] Restored symfony/flex:1.9.3 from cache
[Info  - 19:10:03] Restored symfony/routing:4.4.13 from cache
[Info  - 19:10:03] Restored symfony/mime:4.4.13 from cache
[Info  - 19:10:03] Restored symfony/yaml:4.4.13 from cache
[Info  - 19:10:03] Restored symfony/twig-bridge:4.4.13 from cache
[Info  - 19:10:03] Restored symfony/finder:4.4.13 from cache
[Info  - 19:10:03] Restored symfony/css-selector:4.4.13 from cache
[Info  - 19:10:03] Restored symfony/event-dispatcher-contracts:1.1.9 from cache
[Info  - 19:10:03] Restored symfony/web-server-bundle:4.4.13 from cache
[Info  - 19:10:03] Restored symfony/security-guard:4.4.13 from cache
[Info  - 19:10:03] Restored symfony/form:4.4.13 from cache
[Info  - 19:10:03] Restored symfony/framework-bundle:4.4.13 from cache
[Info  - 19:10:03] Restored symfony/property-access:4.4.13 from cache
[Info  - 19:10:03] Restored symfony/security-bundle:4.4.13 from cache
[Info  - 19:10:03] Restored symfony/polyfill-php72:1.18.1 from cache
[Info  - 19:10:03] Restored symfony/security-csrf:4.4.13 from cache
[Info  - 19:10:03] Restored symfony/config:4.4.13 from cache
[Info  - 19:10:03] Restored symfony/console:4.4.13 from cache
[Info  - 19:10:03] Restored symfony/var-exporter:4.4.13 from cache
[Info  - 19:10:03] Restored symfony/polyfill-php73:1.18.1 from cache
[Info  - 19:10:03] Restored symfony/cache-contracts:2.2.0 from cache
[Info  - 19:10:03] Restored symfony/security-http:4.4.13 from cache
[Info  - 19:10:03] Restored symfony/cache:4.4.13 from cache
[Info  - 19:10:03] Restored symfony/monolog-bundle:3.5.0 from cache
[Info  - 19:10:03] Restored symfony/stopwatch:4.4.13 from cache
[Info  - 19:10:03] Restored symfony/http-kernel:4.4.13 from cache
[Info  - 19:10:03] Restored symfony/debug:4.4.13 from cache
[Info  - 19:10:03] Restored symfony/event-dispatcher:4.4.13 from cache
[Info  - 19:10:03] Restored symfony/doctrine-bridge:4.4.13 from cache
[Info  - 19:10:03] Restored symfony/options-resolver:4.4.13 from cache
[Info  - 19:10:03] Restored symfony/error-handler:4.4.13 from cache
[Info  - 19:10:03] Restored symfony/process:4.4.13 from cache
[Info  - 19:10:03] Restored symfony/translation:4.4.13 from cache
[Info  - 19:10:03] Restored symfony/dependency-injection:4.4.13 from cache
[Info  - 19:10:03] Restored symfony/monolog-bridge:4.4.13 from cache
[Info  - 19:10:03] Restored symfony/polyfill-intl-normalizer:1.18.1 from cache
[Info  - 19:10:03] Restored symfony/mailer:4.4.13 from cache
[Info  - 19:10:03] Restored symfony/filesystem:4.4.13 from cache
[Info  - 19:10:03] Restored twig/extra-bundle:3.0.5 from cache
[Info  - 19:10:03] Restored twig/twig:3.0.5 from cache
[Info  - 19:10:03] Restored nikic/php-parser:4.9.1 from cache
[Info  - 19:10:03] Restored psr/log:1.1.3 from cache
[Info  - 19:10:03] Restored psr/link:1.0.0 from cache
[Info  - 19:10:03] Restored psr/container:1.0.0 from cache
[Info  - 19:10:03] Restored psr/cache:1.0.1 from cache
[Info  - 19:10:03] Restored composer/package-versions-deprecated:1.11.99 from cache
[Info  - 19:10:03] Restored doctrine/annotations:1.10.4 from cache
[Info  - 19:10:03] Restored doctrine/lexer:1.2.1 from cache
[Info  - 19:10:04] Restored doctrine/collections:1.6.7 from cache
[Info  - 19:10:04] Restored doctrine/inflector:1.4.3 from cache
[Info  - 19:10:04] Restored doctrine/reflection:1.2.1 from cache
[Info  - 19:10:04] Restored doctrine/migrations:3.0.1 from cache
[Info  - 19:10:04] Restored doctrine/doctrine-migrations-bundle:3.0.1 from cache
[Info  - 19:10:04] Restored doctrine/persistence:2.0.0 from cache
[Info  - 19:10:04] Restored doctrine/event-manager:1.1.1 from cache
[Info  - 19:10:04] Restored doctrine/dbal:2.10.4 from cache
[Info  - 19:10:04] Restored doctrine/doctrine-bundle:2.1.2 from cache
[Info  - 19:10:04] Restored doctrine/sql-formatter:1.1.1 from cache
[Info  - 19:10:04] Restored doctrine/cache:1.10.2 from cache
[Info  - 19:10:04] Restored doctrine/common:3.0.2 from cache
[Info  - 19:10:04] Restored doctrine/instantiator:1.3.1 from cache
[Info  - 19:10:04] Restored doctrine/orm:2.7.3 from cache
[Info  - 19:10:04] Restored sensio/framework-extra-bundle:5.6.1 from cache
[Info  - 19:10:04] Restored webmozart/assert:1.9.1 from cache
[Info  - 19:10:04] Restored egulias/email-validator:2.1.20 from cache
[Info  - 19:10:04] All 4989 PHP files parsed in 11 seconds. 425 MiB allocated.
